Using pre-set license
Built from '2021.3/staging' branch; Version is '2021.3.25f1 (68ef2c4f8861) revision 6876972'; Using compiler version '192829333'; Build Type 'Release'
OS: 'Windows 11  (10.0.22621) 64bit Professional' Language: 'es' Physical Memory: 16253 MB
BatchMode: 1, IsHumanControllingUs: 0, StartBugReporterOnCrash: 0, Is64bit: 1, IsPro: 1

COMMAND LINE ARGUMENTS:
C:\Program Files\Unity\Hub\Editor\2021.3.25f1\Editor\Unity.exe
-adb2
-batchMode
-noUpm
-name
AssetImportWorker2
-projectPath
C:/Users/tosty/Documents/Proyectos de Unity/KartPC/Mario_Kart_PC
-logFile
Logs/AssetImportWorker2.log
-srvPort
52278
Successfully changed project path to: C:/Users/tosty/Documents/Proyectos de Unity/KartPC/Mario_Kart_PC
C:/Users/tosty/Documents/Proyectos de Unity/KartPC/Mario_Kart_PC
[UnityMemory] Configuration Parameters - Can be set up in boot.config
    "memorysetup-bucket-allocator-granularity=16"
    "memorysetup-bucket-allocator-bucket-count=8"
    "memorysetup-bucket-allocator-block-size=33554432"
    "memorysetup-bucket-allocator-block-count=8"
    "memorysetup-main-allocator-block-size=16777216"
    "memorysetup-thread-allocator-block-size=16777216"
    "memorysetup-gfx-main-allocator-block-size=16777216"
    "memorysetup-gfx-thread-allocator-block-size=16777216"
    "memorysetup-cache-allocator-block-size=4194304"
    "memorysetup-typetree-allocator-block-size=2097152"
    "memorysetup-profiler-bucket-allocator-granularity=16"
    "memorysetup-profiler-bucket-allocator-bucket-count=8"
    "memorysetup-profiler-bucket-allocator-block-size=33554432"
    "memorysetup-profiler-bucket-allocator-block-count=8"
    "memorysetup-profiler-allocator-block-size=16777216"
    "memorysetup-profiler-editor-allocator-block-size=1048576"
    "memorysetup-temp-allocator-size-main=16777216"
    "memorysetup-job-temp-allocator-block-size=2097152"
    "memorysetup-job-temp-allocator-block-size-background=1048576"
    "memorysetup-job-temp-allocator-reduction-small-platforms=262144"
    "memorysetup-temp-allocator-size-background-worker=32768"
    "memorysetup-temp-allocator-size-job-worker=262144"
    "memorysetup-temp-allocator-size-preload-manager=33554432"
    "memorysetup-temp-allocator-size-nav-mesh-worker=65536"
    "memorysetup-temp-allocator-size-audio-worker=65536"
    "memorysetup-temp-allocator-size-cloud-worker=32768"
    "memorysetup-temp-allocator-size-gi-baking-worker=262144"
    "memorysetup-temp-allocator-size-gfx=262144"
Player connection [120212] Host "[IP] 192.168.85.84 [Port] 0 [Flags] 2 [Guid] 4283032930 [EditorId] 4283032930 [Version] 1048832 [Id] WindowsEditor(7,PC_de_Juan) [Debug] 1 [PackageName] WindowsEditor [ProjectName] Editor" joined multi-casting on [225.0.0.222:54997]...

Player connection [120212] Host "[IP] 192.168.85.84 [Port] 0 [Flags] 2 [Guid] 4283032930 [EditorId] 4283032930 [Version] 1048832 [Id] WindowsEditor(7,PC_de_Juan) [Debug] 1 [PackageName] WindowsEditor [ProjectName] Editor" joined alternative multi-casting on [225.0.0.222:34997]...

Refreshing native plugins compatible for Editor in 59.64 ms, found 3 plugins.
Preloading 0 native plugins for Editor in 0.00 ms.
Initialize engine version: 2021.3.25f1 (68ef2c4f8861)
[Subsystems] Discovering subsystems at path C:/Program Files/Unity/Hub/Editor/2021.3.25f1/Editor/Data/Resources/UnitySubsystems
[Subsystems] Discovering subsystems at path C:/Users/tosty/Documents/Proyectos de Unity/KartPC/Mario_Kart_PC/Assets
GfxDevice: creating device client; threaded=0; jobified=0
Direct3D:
    Version:  Direct3D 11.0 [level 11.1]
    Renderer: NVIDIA GeForce RTX 3080 (ID=0x2206)
    Vendor:   NVIDIA
    VRAM:     10067 MB
    Driver:   31.0.15.3179
Initialize mono
Mono path[0] = 'C:/Program Files/Unity/Hub/Editor/2021.3.25f1/Editor/Data/Managed'
Mono path[1] = 'C:/Program Files/Unity/Hub/Editor/2021.3.25f1/Editor/Data/MonoBleedingEdge/lib/mono/unityjit-win32'
Mono config path = 'C:/Program Files/Unity/Hub/Editor/2021.3.25f1/Editor/Data/MonoBleedingEdge/etc'
Using monoOptions --debugger-agent=transport=dt_socket,embedding=1,server=y,suspend=n,address=127.0.0.1:56540
Begin MonoManager ReloadAssembly
Registering precompiled unity dll's ...
Register platform support module: C:/Program Files/Unity/Hub/Editor/2021.3.25f1/Editor/Data/PlaybackEngines/WebGLSupport/UnityEditor.WebGL.Extensions.dll
Register platform support module: C:/Program Files/Unity/Hub/Editor/2021.3.25f1/Editor/Data/PlaybackEngines/AndroidPlayer/UnityEditor.Android.Extensions.dll
Register platform support module: C:/Program Files/Unity/Hub/Editor/2021.3.25f1/Editor/Data/PlaybackEngines/WindowsStandaloneSupport/UnityEditor.WindowsStandalone.Extensions.dll
Register platform support module: C:/Program Files/Unity/Hub/Editor/2021.3.25f1/Editor/Data/PlaybackEngines/MetroSupport/UnityEditor.UWP.Extensions.dll
Registered in 0.006386 seconds.
Native extension for UWP target not found
Native extension for WindowsStandalone target not found
Native extension for Android target not found
Android Extension - Scanning For ADB Devices 235 ms
Native extension for WebGL target not found
Refreshing native plugins compatible for Editor in 52.93 ms, found 3 plugins.
Preloading 0 native plugins for Editor in 0.00 ms.
Mono: successfully reloaded assembly
- Completed reload, in  0.778 seconds
Domain Reload Profiling:
	ReloadAssembly (778ms)
		BeginReloadAssembly (61ms)
			ExecutionOrderSort (0ms)
			DisableScriptedObjects (0ms)
			BackupInstance (0ms)
			ReleaseScriptingObjects (0ms)
			CreateAndSetChildDomain (1ms)
		EndReloadAssembly (629ms)
			LoadAssemblies (60ms)
			RebuildTransferFunctionScriptingTraits (0ms)
			SetupTypeCache (87ms)
			ReleaseScriptCaches (0ms)
			RebuildScriptCaches (32ms)
			SetupLoadedEditorAssemblies (475ms)
				LogAssemblyErrors (0ms)
				InitializePlatformSupportModulesInManaged (324ms)
				SetLoadedEditorAssemblies (0ms)
				RefreshPlugins (53ms)
				BeforeProcessingInitializeOnLoad (1ms)
				ProcessInitializeOnLoadAttributes (68ms)
				ProcessInitializeOnLoadMethodAttributes (29ms)
				AfterProcessingInitializeOnLoad (0ms)
				EditorAssembliesLoaded (0ms)
			ExecutionOrderSort2 (0ms)
			AwakeInstancesAfterBackupRestoration (0ms)
Platform modules already initialized, skipping
Registering precompiled user dll's ...
Registered in 0.002912 seconds.
Begin MonoManager ReloadAssembly
Symbol file LoadedFromMemory doesn't match image C:\Users\tosty\Documents\Proyectos de Unity\KartPC\Mario_Kart_PC\Library\PackageCache\com.unity.visualscripting@1.8.0\Editor\VisualScripting.Core\Dependencies\YamlDotNet\Unity.VisualScripting.YamlDotNet.dll
Symbol file LoadedFromMemory doesn't match image C:\Users\tosty\Documents\Proyectos de Unity\KartPC\Mario_Kart_PC\Library\PackageCache\com.unity.visualscripting@1.8.0\Editor\VisualScripting.Core\Dependencies\DotNetZip\Unity.VisualScripting.IonicZip.dll
Native extension for UWP target not found
Native extension for WindowsStandalone target not found
Native extension for Android target not found
Native extension for WebGL target not found
Refreshing native plugins compatible for Editor in 0.34 ms, found 3 plugins.
Preloading 0 native plugins for Editor in 0.00 ms.
Mono: successfully reloaded assembly
- Completed reload, in  0.708 seconds
Domain Reload Profiling:
	ReloadAssembly (708ms)
		BeginReloadAssembly (78ms)
			ExecutionOrderSort (0ms)
			DisableScriptedObjects (4ms)
			BackupInstance (0ms)
			ReleaseScriptingObjects (0ms)
			CreateAndSetChildDomain (12ms)
		EndReloadAssembly (555ms)
			LoadAssemblies (62ms)
			RebuildTransferFunctionScriptingTraits (0ms)
			SetupTypeCache (190ms)
			ReleaseScriptCaches (0ms)
			RebuildScriptCaches (35ms)
			SetupLoadedEditorAssemblies (234ms)
				LogAssemblyErrors (0ms)
				InitializePlatformSupportModulesInManaged (18ms)
				SetLoadedEditorAssemblies (0ms)
				RefreshPlugins (0ms)
				BeforeProcessingInitializeOnLoad (48ms)
				ProcessInitializeOnLoadAttributes (151ms)
				ProcessInitializeOnLoadMethodAttributes (13ms)
				AfterProcessingInitializeOnLoad (4ms)
				EditorAssembliesLoaded (0ms)
			ExecutionOrderSort2 (0ms)
			AwakeInstancesAfterBackupRestoration (4ms)
Platform modules already initialized, skipping
========================================================================
Worker process is ready to serve import requests
Launched and connected shader compiler UnityShaderCompiler.exe after 0.03 seconds
Refreshing native plugins compatible for Editor in 0.41 ms, found 3 plugins.
Preloading 0 native plugins for Editor in 0.00 ms.
Unloading 3051 Unused Serialized files (Serialized files now loaded: 0)
Unloading 24 unused Assets / (341.3 KB). Loaded Objects now: 3514.
Memory consumption went from 112.7 MB to 112.4 MB.
Total: 1.648800 ms (FindLiveObjects: 0.152400 ms CreateObjectMapping: 0.068200 ms MarkObjects: 1.366700 ms  DeleteObjects: 0.061000 ms)

AssetImportParameters requested are different than current active one (requested -> active):
  custom:video-decoder-ogg-theora: a1e56fd34408186e4bbccfd4996cb3dc -> 
  custom:container-muxer-webm: aa71ff27fc2769a1b78a27578f13a17b -> 
  custom:container-demuxer-webm: 4f35f7cbe854078d1ac9338744f61a02 -> 
  custom:video-encoder-webm-vp8: eb34c28f22e8b96e1ab97ce403110664 -> 
  custom:audio-encoder-webm-vorbis: bf7c407c2cedff20999df2af8eb42d56 -> 
  custom:framework-win-MediaFoundation: 216162199b28c13a410421893ffa2e32 -> 
  custom:container-demuxer-ogg: 62fdf1f143b41e24485cea50d1cbac27 -> 
  custom:video-decoder-webm-vp8: 9c59270c3fd7afecdb556c50c9e8de78 -> 
  custom:audio-decoder-ogg-vorbis: bf7c407c2cedff20999df2af8eb42d56 -> 
========================================================================
Received Import Request.
  Time since last request: 38974.190625 seconds.
  path: Assets/Models/Mapas/Wii U - Mario Kart 8 - DS Wario Stadium/dsws_ry_wind01_nrm.png
  artifactKey: Guid(21ca34d4cac0b724db5c720966732363) Importer(815301076,1909f56bfc062723c751e8b465ee728b)
Start importing Assets/Models/Mapas/Wii U - Mario Kart 8 - DS Wario Stadium/dsws_ry_wind01_nrm.png using Guid(21ca34d4cac0b724db5c720966732363) Importer(815301076,1909f56bfc062723c751e8b465ee728b)  -> (artifact id: 'd9d7b72d779bb7b6e4410355a079b152') in 0.072254 seconds 
========================================================================
Received Import Request.
  Time since last request: 0.000022 seconds.
  path: Assets/Models/Mapas/Wii U - Mario Kart 8 - DS Wario Stadium/dsws_staertgate_trm.png
  artifactKey: Guid(4d61d1103ecce1c44add12797f144037) Importer(815301076,1909f56bfc062723c751e8b465ee728b)
Start importing Assets/Models/Mapas/Wii U - Mario Kart 8 - DS Wario Stadium/dsws_staertgate_trm.png using Guid(4d61d1103ecce1c44add12797f144037) Importer(815301076,1909f56bfc062723c751e8b465ee728b)  -> (artifact id: 'adbad6b3bf470dda4adea6b7a8d79421') in 0.011878 seconds 
========================================================================
Received Import Request.
  Time since last request: 0.000070 seconds.
  path: Assets/Models/Mapas/Wii U - Mario Kart 8 - DS Wario Stadium/dsws_startglide_nrm.png
  artifactKey: Guid(5e5c50b53baa62447a3a4657e7e0e8e1) Importer(815301076,1909f56bfc062723c751e8b465ee728b)
Start importing Assets/Models/Mapas/Wii U - Mario Kart 8 - DS Wario Stadium/dsws_startglide_nrm.png using Guid(5e5c50b53baa62447a3a4657e7e0e8e1) Importer(815301076,1909f56bfc062723c751e8b465ee728b)  -> (artifact id: 'b7b91b5532a053e1989c3a0341757b60') in 0.010839 seconds 
========================================================================
Received Import Request.
  Time since last request: 0.360633 seconds.
  path: Assets/Models/Mapas/Wii U - Mario Kart 8 - DS Wario Stadium/ef_dashboard01_alb.png
  artifactKey: Guid(01b3bb3b41053f045999d060bb789c8a) Importer(815301076,1909f56bfc062723c751e8b465ee728b)
Start importing Assets/Models/Mapas/Wii U - Mario Kart 8 - DS Wario Stadium/ef_dashboard01_alb.png using Guid(01b3bb3b41053f045999d060bb789c8a) Importer(815301076,1909f56bfc062723c751e8b465ee728b)  -> (artifact id: '4ad3e22dcc1aa0999254b5fdc75a78f9') in 0.008732 seconds 
========================================================================
Received Import Request.
  Time since last request: 0.000015 seconds.
  path: Assets/Models/Mapas/Wii U - Mario Kart 8 - DS Wario Stadium/mktv.3.png
  artifactKey: Guid(fa021813117abd24da758510e81c5340) Importer(815301076,1909f56bfc062723c751e8b465ee728b)
Start importing Assets/Models/Mapas/Wii U - Mario Kart 8 - DS Wario Stadium/mktv.3.png using Guid(fa021813117abd24da758510e81c5340) Importer(815301076,1909f56bfc062723c751e8b465ee728b)  -> (artifact id: '1dfd27b40eb280997330ea63fba96439') in 0.009622 seconds 
========================================================================
Received Import Request.
  Time since last request: 0.000017 seconds.
  path: Assets/Models/Mapas/Wii U - Mario Kart 8 - DS Wario Stadium/ef_waterlinec_alb.png
  artifactKey: Guid(6ca3c0b0929620d4da14263c5c7fb4d5) Importer(815301076,1909f56bfc062723c751e8b465ee728b)
Start importing Assets/Models/Mapas/Wii U - Mario Kart 8 - DS Wario Stadium/ef_waterlinec_alb.png using Guid(6ca3c0b0929620d4da14263c5c7fb4d5) Importer(815301076,1909f56bfc062723c751e8b465ee728b)  -> (artifact id: 'ab9d4f36e50e24af664eb06413222f13') in 0.010608 seconds 
========================================================================
Received Import Request.
  Time since last request: 0.000023 seconds.
  path: Assets/Models/Mapas/Wii U - Mario Kart 8 - DS Wario Stadium/mktv.29.png
  artifactKey: Guid(f08d0691e1e870948a12123d5090d114) Importer(815301076,1909f56bfc062723c751e8b465ee728b)
Start importing Assets/Models/Mapas/Wii U - Mario Kart 8 - DS Wario Stadium/mktv.29.png using Guid(f08d0691e1e870948a12123d5090d114) Importer(815301076,1909f56bfc062723c751e8b465ee728b)  -> (artifact id: 'beb2f08ef73386a2a59e4e33541d6134') in 0.011048 seconds 
========================================================================
Received Import Request.
  Time since last request: 0.000023 seconds.
  path: Assets/Models/Mapas/Wii U - Mario Kart 8 - DS Wario Stadium/mktv.8.png
  artifactKey: Guid(8b67946a11cfa1047806db42dd73a92d) Importer(815301076,1909f56bfc062723c751e8b465ee728b)
Start importing Assets/Models/Mapas/Wii U - Mario Kart 8 - DS Wario Stadium/mktv.8.png using Guid(8b67946a11cfa1047806db42dd73a92d) Importer(815301076,1909f56bfc062723c751e8b465ee728b)  -> (artifact id: '1c846b713f69806be0f462d916c11882') in 0.009089 seconds 
========================================================================
Received Import Request.
  Time since last request: 0.000019 seconds.
  path: Assets/Models/Mapas/Wii U - Mario Kart 8 - DS Wario Stadium/mktv.20.png
  artifactKey: Guid(d7aff94add437544497015289e1f63e1) Importer(815301076,1909f56bfc062723c751e8b465ee728b)
Start importing Assets/Models/Mapas/Wii U - Mario Kart 8 - DS Wario Stadium/mktv.20.png using Guid(d7aff94add437544497015289e1f63e1) Importer(815301076,1909f56bfc062723c751e8b465ee728b)  -> (artifact id: 'f18ed183f1ee4a3a4884eb6446cb464d') in 0.009333 seconds 
========================================================================
Received Import Request.
  Time since last request: 0.000016 seconds.
  path: Assets/Models/Mapas/Wii U - Mario Kart 8 - DS Wario Stadium/mktv.17.png
  artifactKey: Guid(1093ac7e050892246b890e210bb9c6da) Importer(815301076,1909f56bfc062723c751e8b465ee728b)
Start importing Assets/Models/Mapas/Wii U - Mario Kart 8 - DS Wario Stadium/mktv.17.png using Guid(1093ac7e050892246b890e210bb9c6da) Importer(815301076,1909f56bfc062723c751e8b465ee728b)  -> (artifact id: '63e3acec0d3ca14c4a8038f02117b1eb') in 0.009720 seconds 
========================================================================
Received Import Request.
  Time since last request: 0.000017 seconds.
  path: Assets/Models/Mapas/Wii U - Mario Kart 8 - DS Wario Stadium/mktv.11.png
  artifactKey: Guid(6b61bb012d8bfe244a0da8ae2d2c7b65) Importer(815301076,1909f56bfc062723c751e8b465ee728b)
Start importing Assets/Models/Mapas/Wii U - Mario Kart 8 - DS Wario Stadium/mktv.11.png using Guid(6b61bb012d8bfe244a0da8ae2d2c7b65) Importer(815301076,1909f56bfc062723c751e8b465ee728b)  -> (artifact id: 'b9a93a97b0367e277e7432a2fdf1f61a') in 0.010497 seconds 
========================================================================
Received Import Request.
  Time since last request: 0.000016 seconds.
  path: Assets/Models/Mapas/Wii U - Mario Kart 8 - DS Wario Stadium/mktv.46.png
  artifactKey: Guid(090890c1e97844941969024b11820c14) Importer(815301076,1909f56bfc062723c751e8b465ee728b)
Start importing Assets/Models/Mapas/Wii U - Mario Kart 8 - DS Wario Stadium/mktv.46.png using Guid(090890c1e97844941969024b11820c14) Importer(815301076,1909f56bfc062723c751e8b465ee728b)  -> (artifact id: '27e8133dcdaccbcd7db769f6ad66dff5') in 0.009996 seconds 
========================================================================
Received Import Request.
  Time since last request: 0.000013 seconds.
  path: Assets/Models/Mapas/Wii U - Mario Kart 8 - DS Wario Stadium/mktv.33.png
  artifactKey: Guid(8341e615355f03c46abd95e05e989ced) Importer(815301076,1909f56bfc062723c751e8b465ee728b)
Start importing Assets/Models/Mapas/Wii U - Mario Kart 8 - DS Wario Stadium/mktv.33.png using Guid(8341e615355f03c46abd95e05e989ced) Importer(815301076,1909f56bfc062723c751e8b465ee728b)  -> (artifact id: 'f04c1362be38b0ba5ab0c085dc8a6ef6') in 0.008687 seconds 
========================================================================
Received Import Request.
  Time since last request: 0.000020 seconds.
  path: Assets/Models/Mapas/Wii U - Mario Kart 8 - DS Wario Stadium/mktv.47.png
  artifactKey: Guid(cfcbba12ba976f3408147079c71e7a64) Importer(815301076,1909f56bfc062723c751e8b465ee728b)
Start importing Assets/Models/Mapas/Wii U - Mario Kart 8 - DS Wario Stadium/mktv.47.png using Guid(cfcbba12ba976f3408147079c71e7a64) Importer(815301076,1909f56bfc062723c751e8b465ee728b)  -> (artifact id: '3c68b8470068e4daec6c214a9b5a58ea') in 0.009215 seconds 
========================================================================
Received Import Request.
  Time since last request: 0.000025 seconds.
  path: Assets/Models/Mapas/Wii U - Mario Kart 8 - DS Wario Stadium/mktv.30.png
  artifactKey: Guid(4a0f4ac3ea76d8a48b0c74685bdd974d) Importer(815301076,1909f56bfc062723c751e8b465ee728b)
Start importing Assets/Models/Mapas/Wii U - Mario Kart 8 - DS Wario Stadium/mktv.30.png using Guid(4a0f4ac3ea76d8a48b0c74685bdd974d) Importer(815301076,1909f56bfc062723c751e8b465ee728b)  -> (artifact id: '28eb5c97aae5d810ab87ae6e3705199f') in 0.010052 seconds 
========================================================================
Received Import Request.
  Time since last request: 0.000021 seconds.
  path: Assets/Models/Mapas/Wii U - Mario Kart 8 - DS Wario Stadium/mktv.45.png
  artifactKey: Guid(4f5712d7709006748963e7ecf8041a1f) Importer(815301076,1909f56bfc062723c751e8b465ee728b)
Start importing Assets/Models/Mapas/Wii U - Mario Kart 8 - DS Wario Stadium/mktv.45.png using Guid(4f5712d7709006748963e7ecf8041a1f) Importer(815301076,1909f56bfc062723c751e8b465ee728b)  -> (artifact id: '3b2ba028c7dce02912c4a9ff3b26f876') in 0.009541 seconds 
========================================================================
Received Import Request.
  Time since last request: 0.000023 seconds.
  path: Assets/Models/Mapas/Wii U - Mario Kart 8 - DS Wario Stadium/mktv.31.png
  artifactKey: Guid(dd2b72aa27c8efd4b97da3e8c4f8f050) Importer(815301076,1909f56bfc062723c751e8b465ee728b)
Start importing Assets/Models/Mapas/Wii U - Mario Kart 8 - DS Wario Stadium/mktv.31.png using Guid(dd2b72aa27c8efd4b97da3e8c4f8f050) Importer(815301076,1909f56bfc062723c751e8b465ee728b)  -> (artifact id: 'ee1250bb038749c298a5e945fad9e4c0') in 0.009418 seconds 
========================================================================
Received Import Request.
  Time since last request: 0.000016 seconds.
  path: Assets/Models/Mapas/Wii U - Mario Kart 8 - DS Wario Stadium/mktv.24.png
  artifactKey: Guid(a782bd8a78e004e4ab21bffda792deac) Importer(815301076,1909f56bfc062723c751e8b465ee728b)
Start importing Assets/Models/Mapas/Wii U - Mario Kart 8 - DS Wario Stadium/mktv.24.png using Guid(a782bd8a78e004e4ab21bffda792deac) Importer(815301076,1909f56bfc062723c751e8b465ee728b)  -> (artifact id: '37a2e80d3672f3bec00f0a117603a3a4') in 0.008923 seconds 
========================================================================
Received Import Request.
  Time since last request: 0.000018 seconds.
  path: Assets/Models/Mapas/Wii U - Mario Kart 8 - DS Wario Stadium/mktv.21.png
  artifactKey: Guid(10e43133086bf0a42bc78614cb915127) Importer(815301076,1909f56bfc062723c751e8b465ee728b)
Start importing Assets/Models/Mapas/Wii U - Mario Kart 8 - DS Wario Stadium/mktv.21.png using Guid(10e43133086bf0a42bc78614cb915127) Importer(815301076,1909f56bfc062723c751e8b465ee728b)  -> (artifact id: '0672873b8c74a25d0b8ce4f8c08735dd') in 0.009486 seconds 
========================================================================
Received Import Request.
  Time since last request: 0.000017 seconds.
  path: Assets/Models/Mapas/Wii U - Mario Kart 8 - DS Wario Stadium/mktv.5.png
  artifactKey: Guid(dcb2d9c2555d6b045816f6af4bf70732) Importer(815301076,1909f56bfc062723c751e8b465ee728b)
Start importing Assets/Models/Mapas/Wii U - Mario Kart 8 - DS Wario Stadium/mktv.5.png using Guid(dcb2d9c2555d6b045816f6af4bf70732) Importer(815301076,1909f56bfc062723c751e8b465ee728b)  -> (artifact id: '4afbd717e14b793ee3a36bc9cfaeb485') in 0.007830 seconds 
========================================================================
Received Import Request.
  Time since last request: 0.589477 seconds.
  path: Assets/Models/Mapas/Wii U - Mario Kart 8 - DS Wario Stadium/mktv.52.png
  artifactKey: Guid(715d1addcfab4e2458c7dba334c8a3a7) Importer(815301076,1909f56bfc062723c751e8b465ee728b)
Start importing Assets/Models/Mapas/Wii U - Mario Kart 8 - DS Wario Stadium/mktv.52.png using Guid(715d1addcfab4e2458c7dba334c8a3a7) Importer(815301076,1909f56bfc062723c751e8b465ee728b)  -> (artifact id: '2bbc716f96df9c5c4ebc807ef8367b1a') in 0.010923 seconds 
========================================================================
Received Import Request.
  Time since last request: 0.000013 seconds.
  path: Assets/Models/Mapas/Wii U - Mario Kart 8 - DS Wario Stadium/screen_dummy.png
  artifactKey: Guid(9fe4f5237f163c743a0e65665b379b43) Importer(815301076,1909f56bfc062723c751e8b465ee728b)
Start importing Assets/Models/Mapas/Wii U - Mario Kart 8 - DS Wario Stadium/screen_dummy.png using Guid(9fe4f5237f163c743a0e65665b379b43) Importer(815301076,1909f56bfc062723c751e8b465ee728b)  -> (artifact id: '8859ba0258bd7cc61542994150d7b3d7') in 0.010188 seconds 
========================================================================
Received Import Request.
  Time since last request: 0.000012 seconds.
  path: Assets/Models/Mapas/Wii U - Mario Kart 8 - DS Wario Stadium/panelflame_spm.png
  artifactKey: Guid(02d14bae943417240a4b7f4cbeee8192) Importer(815301076,1909f56bfc062723c751e8b465ee728b)
Start importing Assets/Models/Mapas/Wii U - Mario Kart 8 - DS Wario Stadium/panelflame_spm.png using Guid(02d14bae943417240a4b7f4cbeee8192) Importer(815301076,1909f56bfc062723c751e8b465ee728b)  -> (artifact id: '9adde7e5183d88c3c3406166270e9944') in 0.008239 seconds 
========================================================================
Received Import Request.
  Time since last request: 53.399094 seconds.
  path: Assets/Models/Mapas/Wii U - Mario Kart 8 - DS Wario Stadium/Materials
  artifactKey: Guid(ee71e0d3019243d48acd0b35e7d5fa40) Importer(815301076,1909f56bfc062723c751e8b465ee728b)
Start importing Assets/Models/Mapas/Wii U - Mario Kart 8 - DS Wario Stadium/Materials using Guid(ee71e0d3019243d48acd0b35e7d5fa40) Importer(815301076,1909f56bfc062723c751e8b465ee728b)  -> (artifact id: '079807793af6d91f04aaba449d1d24d9') in 0.004892 seconds 
========================================================================
Received Import Request.
  Time since last request: 0.053839 seconds.
  path: Assets/Models/Mapas/Wii U - Mario Kart 8 - DS Wario Stadium/Materials/dsws_ry_wall00_alb.mat
  artifactKey: Guid(fa6cde1695f82f14283f7834c3846dca) Importer(815301076,1909f56bfc062723c751e8b465ee728b)
Start importing Assets/Models/Mapas/Wii U - Mario Kart 8 - DS Wario Stadium/Materials/dsws_ry_wall00_alb.mat using Guid(fa6cde1695f82f14283f7834c3846dca) Importer(815301076,1909f56bfc062723c751e8b465ee728b)  -> (artifact id: '68d5b765d77a738937ccc24ca8a527e4') in 0.039528 seconds 
========================================================================
Received Import Request.
  Time since last request: 12.631733 seconds.
  path: Assets/Models/Mapas/Wii U - Mario Kart 8 - DS Wario Stadium/Materials/New Material.mat
  artifactKey: Guid(3f5dbc454df299042a8a3de5a02b4d9e) Importer(815301076,1909f56bfc062723c751e8b465ee728b)
Start importing Assets/Models/Mapas/Wii U - Mario Kart 8 - DS Wario Stadium/Materials/New Material.mat using Guid(3f5dbc454df299042a8a3de5a02b4d9e) Importer(815301076,1909f56bfc062723c751e8b465ee728b)  -> (artifact id: '6f31a5a9a5e176141da3e288cabce0f6') in 0.008819 seconds 
========================================================================
Received Import Request.
  Time since last request: 60.799487 seconds.
  path: Assets/Models/Mapas/Wii U - Mario Kart 8 - DS Wario Stadium/New Material.mat
  artifactKey: Guid(148fdb0ad8658ac468372dd25123c1d0) Importer(815301076,1909f56bfc062723c751e8b465ee728b)
Start importing Assets/Models/Mapas/Wii U - Mario Kart 8 - DS Wario Stadium/New Material.mat using Guid(148fdb0ad8658ac468372dd25123c1d0) Importer(815301076,1909f56bfc062723c751e8b465ee728b)  -> (artifact id: 'b7b7d6cf925d4ae88635be8c8ae1f374') in 0.008812 seconds 
========================================================================
Received Import Request.
  Time since last request: 194.689413 seconds.
  path: Assets/Models/Mapas/DS DSi - Mario Kart DS - Shroom Ridge
  artifactKey: Guid(3f52a345f117c4043a27b07c3a748bb6) Importer(815301076,1909f56bfc062723c751e8b465ee728b)
Start importing Assets/Models/Mapas/DS DSi - Mario Kart DS - Shroom Ridge using Guid(3f52a345f117c4043a27b07c3a748bb6) Importer(815301076,1909f56bfc062723c751e8b465ee728b)  -> (artifact id: 'c7ae8da4c7e4ef33686d83e2a63c07db') in 0.004990 seconds 
========================================================================
Received Import Request.
  Time since last request: 5.693448 seconds.
  path: Assets/Models/Mapas/DS DSi - Mario Kart DS - Shroom Ridge/ridge_course
  artifactKey: Guid(6c080dac76e8e164189947bca44178e6) Importer(815301076,1909f56bfc062723c751e8b465ee728b)
Start importing Assets/Models/Mapas/DS DSi - Mario Kart DS - Shroom Ridge/ridge_course using Guid(6c080dac76e8e164189947bca44178e6) Importer(815301076,1909f56bfc062723c751e8b465ee728b)  -> (artifact id: '96ee88be6752cfd83ecd45bc66bf499f') in 0.005445 seconds 
========================================================================
Received Import Request.
  Time since last request: 0.072211 seconds.
  path: Assets/Models/Mapas/DS DSi - Mario Kart DS - Shroom Ridge/ridge_course/back.png
  artifactKey: Guid(192d633708051fc449a917a6fe45d175) Importer(815301076,1909f56bfc062723c751e8b465ee728b)
Start importing Assets/Models/Mapas/DS DSi - Mario Kart DS - Shroom Ridge/ridge_course/back.png using Guid(192d633708051fc449a917a6fe45d175) Importer(815301076,1909f56bfc062723c751e8b465ee728b)  -> (artifact id: '9d668c04dd64746c688b3db7af70ef78') in 0.009576 seconds 
========================================================================
Received Import Request.
  Time since last request: 0.003953 seconds.
  path: Assets/Models/Mapas/DS DSi - Mario Kart DS - Shroom Ridge/ridge_course/mount.png
  artifactKey: Guid(b9cb6963a4f001442a49e02120ed6021) Importer(815301076,1909f56bfc062723c751e8b465ee728b)
Start importing Assets/Models/Mapas/DS DSi - Mario Kart DS - Shroom Ridge/ridge_course/mount.png using Guid(b9cb6963a4f001442a49e02120ed6021) Importer(815301076,1909f56bfc062723c751e8b465ee728b)  -> (artifact id: 'ba2c424fa72acfdd913f25505415c81a') in 0.009479 seconds 
========================================================================
Received Import Request.
  Time since last request: 0.000014 seconds.
  path: Assets/Models/Mapas/DS DSi - Mario Kart DS - Shroom Ridge/ridge_course/nr_64_512.png
  artifactKey: Guid(e78a775e1557b9e45be9755078ea3663) Importer(815301076,1909f56bfc062723c751e8b465ee728b)
Start importing Assets/Models/Mapas/DS DSi - Mario Kart DS - Shroom Ridge/ridge_course/nr_64_512.png using Guid(e78a775e1557b9e45be9755078ea3663) Importer(815301076,1909f56bfc062723c751e8b465ee728b)  -> (artifact id: 'e40b6475f041f3571da6de9e5fc54125') in 0.010869 seconds 
========================================================================
Received Import Request.
  Time since last request: 0.000023 seconds.
  path: Assets/Models/Mapas/DS DSi - Mario Kart DS - Shroom Ridge/ridge_course/ROAD.png
  artifactKey: Guid(141c1cd2813c2894885b8070695faa9a) Importer(815301076,1909f56bfc062723c751e8b465ee728b)
Start importing Assets/Models/Mapas/DS DSi - Mario Kart DS - Shroom Ridge/ridge_course/ROAD.png using Guid(141c1cd2813c2894885b8070695faa9a) Importer(815301076,1909f56bfc062723c751e8b465ee728b)  -> (artifact id: '05a2f345510280fdb5a63923c3c8f952') in 0.011095 seconds 
========================================================================
Received Import Request.
  Time since last request: 0.000022 seconds.
  path: Assets/Models/Mapas/DS DSi - Mario Kart DS - Shroom Ridge/ridge_course/nr_32_256.png
  artifactKey: Guid(83a0b2d3f6c971f458dec7b9a4cdf2bd) Importer(815301076,1909f56bfc062723c751e8b465ee728b)
Start importing Assets/Models/Mapas/DS DSi - Mario Kart DS - Shroom Ridge/ridge_course/nr_32_256.png using Guid(83a0b2d3f6c971f458dec7b9a4cdf2bd) Importer(815301076,1909f56bfc062723c751e8b465ee728b)  -> (artifact id: 'ee15e2caa45d4e862d58062b870d1275') in 0.011073 seconds 
========================================================================
Received Import Request.
  Time since last request: 0.000026 seconds.
  path: Assets/Models/Mapas/DS DSi - Mario Kart DS - Shroom Ridge/ridge_course/Ridge.obj
  artifactKey: Guid(a65f3e0303d182444950064c47c0f745) Importer(815301076,1909f56bfc062723c751e8b465ee728b)
Start importing Assets/Models/Mapas/DS DSi - Mario Kart DS - Shroom Ridge/ridge_course/Ridge.obj using Guid(a65f3e0303d182444950064c47c0f745) Importer(815301076,1909f56bfc062723c751e8b465ee728b)  -> (artifact id: 'd1ab8a9edcd417d36ff5aa0084ccbe3a') in 0.097684 seconds 
========================================================================
Received Import Request.
  Time since last request: 27.167511 seconds.
  path: Assets/Models/Mapas/DS DSi - Mario Kart DS - Shroom Ridge/ridge_course/Materials/sky_tx1.mat
  artifactKey: Guid(7564aff2908d65c4884dddf0037dc0fb) Importer(815301076,1909f56bfc062723c751e8b465ee728b)
Start importing Assets/Models/Mapas/DS DSi - Mario Kart DS - Shroom Ridge/ridge_course/Materials/sky_tx1.mat using Guid(7564aff2908d65c4884dddf0037dc0fb) Importer(815301076,1909f56bfc062723c751e8b465ee728b)  -> (artifact id: '70ce2ff83331d48733f3abe8a641115c') in 0.008044 seconds 
