Using pre-set license
Built from '2021.3/staging' branch; Version is '2021.3.25f1 (68ef2c4f8861) revision 6876972'; Using compiler version '192829333'; Build Type 'Release'
OS: 'Windows 11  (10.0.22621) 64bit Professional' Language: 'es' Physical Memory: 16253 MB
BatchMode: 1, IsHumanControllingUs: 0, StartBugReporterOnCrash: 0, Is64bit: 1, IsPro: 1

COMMAND LINE ARGUMENTS:
C:\Program Files\Unity\Hub\Editor\2021.3.25f1\Editor\Unity.exe
-adb2
-batchMode
-noUpm
-name
AssetImportWorker1
-projectPath
C:/Users/tosty/Documents/Proyectos de Unity/KartPC/Mario_Kart_PC
-logFile
Logs/AssetImportWorker1.log
-srvPort
58816
Successfully changed project path to: C:/Users/tosty/Documents/Proyectos de Unity/KartPC/Mario_Kart_PC
C:/Users/tosty/Documents/Proyectos de Unity/KartPC/Mario_Kart_PC
[UnityMemory] Configuration Parameters - Can be set up in boot.config
    "memorysetup-bucket-allocator-granularity=16"
    "memorysetup-bucket-allocator-bucket-count=8"
    "memorysetup-bucket-allocator-block-size=33554432"
    "memorysetup-bucket-allocator-block-count=8"
    "memorysetup-main-allocator-block-size=16777216"
    "memorysetup-thread-allocator-block-size=16777216"
    "memorysetup-gfx-main-allocator-block-size=16777216"
    "memorysetup-gfx-thread-allocator-block-size=16777216"
    "memorysetup-cache-allocator-block-size=4194304"
    "memorysetup-typetree-allocator-block-size=2097152"
    "memorysetup-profiler-bucket-allocator-granularity=16"
    "memorysetup-profiler-bucket-allocator-bucket-count=8"
    "memorysetup-profiler-bucket-allocator-block-size=33554432"
    "memorysetup-profiler-bucket-allocator-block-count=8"
    "memorysetup-profiler-allocator-block-size=16777216"
    "memorysetup-profiler-editor-allocator-block-size=1048576"
    "memorysetup-temp-allocator-size-main=16777216"
    "memorysetup-job-temp-allocator-block-size=2097152"
    "memorysetup-job-temp-allocator-block-size-background=1048576"
    "memorysetup-job-temp-allocator-reduction-small-platforms=262144"
    "memorysetup-temp-allocator-size-background-worker=32768"
    "memorysetup-temp-allocator-size-job-worker=262144"
    "memorysetup-temp-allocator-size-preload-manager=33554432"
    "memorysetup-temp-allocator-size-nav-mesh-worker=65536"
    "memorysetup-temp-allocator-size-audio-worker=65536"
    "memorysetup-temp-allocator-size-cloud-worker=32768"
    "memorysetup-temp-allocator-size-gi-baking-worker=262144"
    "memorysetup-temp-allocator-size-gfx=262144"
Player connection [104472] Host "[IP] 192.168.85.84 [Port] 0 [Flags] 2 [Guid] 2911642454 [EditorId] 2911642454 [Version] 1048832 [Id] WindowsEditor(7,PC_de_Juan) [Debug] 1 [PackageName] WindowsEditor [ProjectName] Editor" joined multi-casting on [225.0.0.222:54997]...

Player connection [104472] Host "[IP] 192.168.85.84 [Port] 0 [Flags] 2 [Guid] 2911642454 [EditorId] 2911642454 [Version] 1048832 [Id] WindowsEditor(7,PC_de_Juan) [Debug] 1 [PackageName] WindowsEditor [ProjectName] Editor" joined alternative multi-casting on [225.0.0.222:34997]...

Refreshing native plugins compatible for Editor in 45.05 ms, found 3 plugins.
Preloading 0 native plugins for Editor in 0.00 ms.
Initialize engine version: 2021.3.25f1 (68ef2c4f8861)
[Subsystems] Discovering subsystems at path C:/Program Files/Unity/Hub/Editor/2021.3.25f1/Editor/Data/Resources/UnitySubsystems
[Subsystems] Discovering subsystems at path C:/Users/tosty/Documents/Proyectos de Unity/KartPC/Mario_Kart_PC/Assets
GfxDevice: creating device client; threaded=0; jobified=0
Direct3D:
    Version:  Direct3D 11.0 [level 11.1]
    Renderer: NVIDIA GeForce RTX 3080 (ID=0x2206)
    Vendor:   NVIDIA
    VRAM:     10067 MB
    Driver:   31.0.15.3179
Initialize mono
Mono path[0] = 'C:/Program Files/Unity/Hub/Editor/2021.3.25f1/Editor/Data/Managed'
Mono path[1] = 'C:/Program Files/Unity/Hub/Editor/2021.3.25f1/Editor/Data/MonoBleedingEdge/lib/mono/unityjit-win32'
Mono config path = 'C:/Program Files/Unity/Hub/Editor/2021.3.25f1/Editor/Data/MonoBleedingEdge/etc'
Using monoOptions --debugger-agent=transport=dt_socket,embedding=1,server=y,suspend=n,address=127.0.0.1:56468
Begin MonoManager ReloadAssembly
Registering precompiled unity dll's ...
Register platform support module: C:/Program Files/Unity/Hub/Editor/2021.3.25f1/Editor/Data/PlaybackEngines/WebGLSupport/UnityEditor.WebGL.Extensions.dll
Register platform support module: C:/Program Files/Unity/Hub/Editor/2021.3.25f1/Editor/Data/PlaybackEngines/AndroidPlayer/UnityEditor.Android.Extensions.dll
Register platform support module: C:/Program Files/Unity/Hub/Editor/2021.3.25f1/Editor/Data/PlaybackEngines/WindowsStandaloneSupport/UnityEditor.WindowsStandalone.Extensions.dll
Register platform support module: C:/Program Files/Unity/Hub/Editor/2021.3.25f1/Editor/Data/PlaybackEngines/MetroSupport/UnityEditor.UWP.Extensions.dll
Registered in 0.004754 seconds.
Native extension for UWP target not found
Native extension for WindowsStandalone target not found
Native extension for Android target not found
Android Extension - Scanning For ADB Devices 170 ms
Native extension for WebGL target not found
Refreshing native plugins compatible for Editor in 45.28 ms, found 3 plugins.
Preloading 0 native plugins for Editor in 0.00 ms.
Mono: successfully reloaded assembly
- Completed reload, in  0.614 seconds
Domain Reload Profiling:
	ReloadAssembly (614ms)
		BeginReloadAssembly (56ms)
			ExecutionOrderSort (0ms)
			DisableScriptedObjects (0ms)
			BackupInstance (0ms)
			ReleaseScriptingObjects (0ms)
			CreateAndSetChildDomain (1ms)
		EndReloadAssembly (491ms)
			LoadAssemblies (56ms)
			RebuildTransferFunctionScriptingTraits (0ms)
			SetupTypeCache (70ms)
			ReleaseScriptCaches (0ms)
			RebuildScriptCaches (19ms)
			SetupLoadedEditorAssemblies (369ms)
				LogAssemblyErrors (0ms)
				InitializePlatformSupportModulesInManaged (239ms)
				SetLoadedEditorAssemblies (0ms)
				RefreshPlugins (45ms)
				BeforeProcessingInitializeOnLoad (1ms)
				ProcessInitializeOnLoadAttributes (56ms)
				ProcessInitializeOnLoadMethodAttributes (27ms)
				AfterProcessingInitializeOnLoad (0ms)
				EditorAssembliesLoaded (0ms)
			ExecutionOrderSort2 (0ms)
			AwakeInstancesAfterBackupRestoration (0ms)
Platform modules already initialized, skipping
Registering precompiled user dll's ...
Registered in 0.003508 seconds.
Begin MonoManager ReloadAssembly
Symbol file LoadedFromMemory doesn't match image C:\Users\tosty\Documents\Proyectos de Unity\KartPC\Mario_Kart_PC\Library\PackageCache\com.unity.visualscripting@1.8.0\Editor\VisualScripting.Core\Dependencies\YamlDotNet\Unity.VisualScripting.YamlDotNet.dll
Symbol file LoadedFromMemory doesn't match image C:\Users\tosty\Documents\Proyectos de Unity\KartPC\Mario_Kart_PC\Library\PackageCache\com.unity.visualscripting@1.8.0\Editor\VisualScripting.Core\Dependencies\DotNetZip\Unity.VisualScripting.IonicZip.dll
Native extension for UWP target not found
Native extension for WindowsStandalone target not found
Native extension for Android target not found
Native extension for WebGL target not found
Refreshing native plugins compatible for Editor in 0.29 ms, found 3 plugins.
Preloading 0 native plugins for Editor in 0.00 ms.
Mono: successfully reloaded assembly
- Completed reload, in  0.655 seconds
Domain Reload Profiling:
	ReloadAssembly (656ms)
		BeginReloadAssembly (76ms)
			ExecutionOrderSort (0ms)
			DisableScriptedObjects (4ms)
			BackupInstance (0ms)
			ReleaseScriptingObjects (0ms)
			CreateAndSetChildDomain (14ms)
		EndReloadAssembly (513ms)
			LoadAssemblies (58ms)
			RebuildTransferFunctionScriptingTraits (0ms)
			SetupTypeCache (182ms)
			ReleaseScriptCaches (0ms)
			RebuildScriptCaches (30ms)
			SetupLoadedEditorAssemblies (212ms)
				LogAssemblyErrors (0ms)
				InitializePlatformSupportModulesInManaged (15ms)
				SetLoadedEditorAssemblies (0ms)
				RefreshPlugins (0ms)
				BeforeProcessingInitializeOnLoad (53ms)
				ProcessInitializeOnLoadAttributes (128ms)
				ProcessInitializeOnLoadMethodAttributes (12ms)
				AfterProcessingInitializeOnLoad (4ms)
				EditorAssembliesLoaded (0ms)
			ExecutionOrderSort2 (0ms)
			AwakeInstancesAfterBackupRestoration (4ms)
Platform modules already initialized, skipping
========================================================================
Worker process is ready to serve import requests
Launched and connected shader compiler UnityShaderCompiler.exe after 0.03 seconds
Refreshing native plugins compatible for Editor in 0.32 ms, found 3 plugins.
Preloading 0 native plugins for Editor in 0.00 ms.
Unloading 3051 Unused Serialized files (Serialized files now loaded: 0)
Unloading 24 unused Assets / (341.7 KB). Loaded Objects now: 3515.
Memory consumption went from 113.0 MB to 112.7 MB.
Total: 1.655200 ms (FindLiveObjects: 0.148800 ms CreateObjectMapping: 0.069600 ms MarkObjects: 1.370600 ms  DeleteObjects: 0.065300 ms)

AssetImportParameters requested are different than current active one (requested -> active):
  custom:video-decoder-ogg-theora: a1e56fd34408186e4bbccfd4996cb3dc -> 
  custom:container-muxer-webm: aa71ff27fc2769a1b78a27578f13a17b -> 
  custom:container-demuxer-webm: 4f35f7cbe854078d1ac9338744f61a02 -> 
  custom:video-encoder-webm-vp8: eb34c28f22e8b96e1ab97ce403110664 -> 
  custom:audio-encoder-webm-vorbis: bf7c407c2cedff20999df2af8eb42d56 -> 
  custom:framework-win-MediaFoundation: 216162199b28c13a410421893ffa2e32 -> 
  custom:container-demuxer-ogg: 62fdf1f143b41e24485cea50d1cbac27 -> 
  custom:video-decoder-webm-vp8: 9c59270c3fd7afecdb556c50c9e8de78 -> 
  custom:audio-decoder-ogg-vorbis: bf7c407c2cedff20999df2af8eb42d56 -> 
========================================================================
Received Import Request.
  Time since last request: 96392.124801 seconds.
  path: Assets/Models/test.fbx
  artifactKey: Guid(d623cb5b3de543b49a3bcd8106ac6aae) Importer(815301076,1909f56bfc062723c751e8b465ee728b)
Start importing Assets/Models/test.fbx using Guid(d623cb5b3de543b49a3bcd8106ac6aae) Importer(815301076,1909f56bfc062723c751e8b465ee728b)  -> (artifact id: '23222e529a3f7916ff53c3091bddec29') in 0.514688 seconds 
========================================================================
Received Import Request.
  Time since last request: 81.682335 seconds.
  path: Assets/Models/Mapas/Wii U - Mario Kart 8 - DS Wario Stadium/bake_gds_wariostadium_g00_b00_f01.png
  artifactKey: Guid(be9ed70a26c149e4483a2748875e77da) Importer(815301076,1909f56bfc062723c751e8b465ee728b)
Start importing Assets/Models/Mapas/Wii U - Mario Kart 8 - DS Wario Stadium/bake_gds_wariostadium_g00_b00_f01.png using Guid(be9ed70a26c149e4483a2748875e77da) Importer(815301076,1909f56bfc062723c751e8b465ee728b)  -> (artifact id: 'c76b3161da6e518176c045ec822acc96') in 0.027783 seconds 
========================================================================
Received Import Request.
  Time since last request: 0.000019 seconds.
  path: Assets/Models/Mapas/Wii U - Mario Kart 8 - DS Wario Stadium/dsws_ry_signboard02_alb.png
  artifactKey: Guid(bb21b87a39423cd4bb1e87b30eaa9209) Importer(815301076,1909f56bfc062723c751e8b465ee728b)
Start importing Assets/Models/Mapas/Wii U - Mario Kart 8 - DS Wario Stadium/dsws_ry_signboard02_alb.png using Guid(bb21b87a39423cd4bb1e87b30eaa9209) Importer(815301076,1909f56bfc062723c751e8b465ee728b)  -> (artifact id: 'ca1130565ae8f95e0e48c39ecf007f89') in 0.009866 seconds 
========================================================================
Received Import Request.
  Time since last request: 0.000022 seconds.
  path: Assets/Models/Mapas/Wii U - Mario Kart 8 - DS Wario Stadium/dsws_ry_step00_spm.png
  artifactKey: Guid(f6ff69cfcac13204395423a04a7a28a9) Importer(815301076,1909f56bfc062723c751e8b465ee728b)
Start importing Assets/Models/Mapas/Wii U - Mario Kart 8 - DS Wario Stadium/dsws_ry_step00_spm.png using Guid(f6ff69cfcac13204395423a04a7a28a9) Importer(815301076,1909f56bfc062723c751e8b465ee728b)  -> (artifact id: '3a4d01615f6950099dc3ddbd128823c0') in 0.008048 seconds 
========================================================================
Received Import Request.
  Time since last request: 0.000015 seconds.
  path: Assets/Models/Mapas/Wii U - Mario Kart 8 - DS Wario Stadium/dsws_ot_esboard00_nrm.png
  artifactKey: Guid(2af6ae890d52f9b45ae739a94c802e5c) Importer(815301076,1909f56bfc062723c751e8b465ee728b)
Start importing Assets/Models/Mapas/Wii U - Mario Kart 8 - DS Wario Stadium/dsws_ot_esboard00_nrm.png using Guid(2af6ae890d52f9b45ae739a94c802e5c) Importer(815301076,1909f56bfc062723c751e8b465ee728b)  -> (artifact id: 'a3533de964a7e55904943819ba2ff765') in 0.007367 seconds 
========================================================================
Received Import Request.
  Time since last request: 0.000021 seconds.
  path: Assets/Models/Mapas/Wii U - Mario Kart 8 - DS Wario Stadium/dsws_ry_brigeroad00_nrm.png
  artifactKey: Guid(aa20721682029de439453d9c777c0967) Importer(815301076,1909f56bfc062723c751e8b465ee728b)
Start importing Assets/Models/Mapas/Wii U - Mario Kart 8 - DS Wario Stadium/dsws_ry_brigeroad00_nrm.png using Guid(aa20721682029de439453d9c777c0967) Importer(815301076,1909f56bfc062723c751e8b465ee728b)  -> (artifact id: 'f2c414431290c3612d9ecab294585c10') in 0.008574 seconds 
========================================================================
Received Import Request.
  Time since last request: 0.000019 seconds.
  path: Assets/Models/Mapas/Wii U - Mario Kart 8 - DS Wario Stadium/dsws_ry_road00_spm.png
  artifactKey: Guid(63c937e3187992046938834bbe6858e7) Importer(815301076,1909f56bfc062723c751e8b465ee728b)
Start importing Assets/Models/Mapas/Wii U - Mario Kart 8 - DS Wario Stadium/dsws_ry_road00_spm.png using Guid(63c937e3187992046938834bbe6858e7) Importer(815301076,1909f56bfc062723c751e8b465ee728b)  -> (artifact id: 'a000064eef2a76aa477b96cf15f3f211') in 0.008558 seconds 
========================================================================
Received Import Request.
  Time since last request: 0.000015 seconds.
  path: Assets/Models/Mapas/Wii U - Mario Kart 8 - DS Wario Stadium/dsws_ry_warioface00_alb.png
  artifactKey: Guid(193d0fd126aa06f4097a940eb24a8a45) Importer(815301076,1909f56bfc062723c751e8b465ee728b)
Start importing Assets/Models/Mapas/Wii U - Mario Kart 8 - DS Wario Stadium/dsws_ry_warioface00_alb.png using Guid(193d0fd126aa06f4097a940eb24a8a45) Importer(815301076,1909f56bfc062723c751e8b465ee728b)  -> (artifact id: 'f65c41ca47eb286bd7fc5de4c8db7e3a') in 0.008816 seconds 
========================================================================
Received Import Request.
  Time since last request: 0.000016 seconds.
  path: Assets/Models/Mapas/Wii U - Mario Kart 8 - DS Wario Stadium/dsws_ry_fream02_spm.png
  artifactKey: Guid(51778206237b9144a8f4515381e2f9ba) Importer(815301076,1909f56bfc062723c751e8b465ee728b)
Start importing Assets/Models/Mapas/Wii U - Mario Kart 8 - DS Wario Stadium/dsws_ry_fream02_spm.png using Guid(51778206237b9144a8f4515381e2f9ba) Importer(815301076,1909f56bfc062723c751e8b465ee728b)  -> (artifact id: '6b78bf2cb5edacc52476b1b8c52394e6') in 0.008571 seconds 
========================================================================
Received Import Request.
  Time since last request: 0.000014 seconds.
  path: Assets/Models/Mapas/Wii U - Mario Kart 8 - DS Wario Stadium/dsws_ry_door00_alb.png
  artifactKey: Guid(57dede50730b4c14ca0f97314d094abc) Importer(815301076,1909f56bfc062723c751e8b465ee728b)
Start importing Assets/Models/Mapas/Wii U - Mario Kart 8 - DS Wario Stadium/dsws_ry_door00_alb.png using Guid(57dede50730b4c14ca0f97314d094abc) Importer(815301076,1909f56bfc062723c751e8b465ee728b)  -> (artifact id: '8af5fc520f467943ccefbeb4579fe31e') in 0.008294 seconds 
========================================================================
Received Import Request.
  Time since last request: 0.000027 seconds.
  path: Assets/Models/Mapas/Wii U - Mario Kart 8 - DS Wario Stadium/dsws_ry_wariobody00_alb.png
  artifactKey: Guid(c15322299b4f29a4c8038c522263423e) Importer(815301076,1909f56bfc062723c751e8b465ee728b)
Start importing Assets/Models/Mapas/Wii U - Mario Kart 8 - DS Wario Stadium/dsws_ry_wariobody00_alb.png using Guid(c15322299b4f29a4c8038c522263423e) Importer(815301076,1909f56bfc062723c751e8b465ee728b)  -> (artifact id: '2a645bfc12cede118634c5af65432377') in 0.009191 seconds 
========================================================================
Received Import Request.
  Time since last request: 0.000016 seconds.
  path: Assets/Models/Mapas/Wii U - Mario Kart 8 - DS Wario Stadium/dsws_ry_seat00_alb.png
  artifactKey: Guid(a6ac3bdb15731eb4f8d42267227368a4) Importer(815301076,1909f56bfc062723c751e8b465ee728b)
Start importing Assets/Models/Mapas/Wii U - Mario Kart 8 - DS Wario Stadium/dsws_ry_seat00_alb.png using Guid(a6ac3bdb15731eb4f8d42267227368a4) Importer(815301076,1909f56bfc062723c751e8b465ee728b)  -> (artifact id: '3d95b7231fbe5eccdce2ed88e503f5ea') in 0.008503 seconds 
========================================================================
Received Import Request.
  Time since last request: 0.000022 seconds.
  path: Assets/Models/Mapas/Wii U - Mario Kart 8 - DS Wario Stadium/dsws_ry_concrete03_nrm.png
  artifactKey: Guid(e19844e1b19c77647b5d747897ed9d38) Importer(815301076,1909f56bfc062723c751e8b465ee728b)
Start importing Assets/Models/Mapas/Wii U - Mario Kart 8 - DS Wario Stadium/dsws_ry_concrete03_nrm.png using Guid(e19844e1b19c77647b5d747897ed9d38) Importer(815301076,1909f56bfc062723c751e8b465ee728b)  -> (artifact id: '1759f7a5ec15cefe38c61ccb6957938b') in 0.009700 seconds 
========================================================================
Received Import Request.
  Time since last request: 0.000016 seconds.
  path: Assets/Models/Mapas/Wii U - Mario Kart 8 - DS Wario Stadium/dsws_ry_road00_alb.png
  artifactKey: Guid(5ec6e11a9538d3c4a928f5abd9fd3e3d) Importer(815301076,1909f56bfc062723c751e8b465ee728b)
Start importing Assets/Models/Mapas/Wii U - Mario Kart 8 - DS Wario Stadium/dsws_ry_road00_alb.png using Guid(5ec6e11a9538d3c4a928f5abd9fd3e3d) Importer(815301076,1909f56bfc062723c751e8b465ee728b)  -> (artifact id: 'fb3a881118e705ce8830b2a1313e4394') in 0.008469 seconds 
========================================================================
Received Import Request.
  Time since last request: 0.000017 seconds.
  path: Assets/Models/Mapas/Wii U - Mario Kart 8 - DS Wario Stadium/bake_gds_wariostadium_g00_b01_f03.png
  artifactKey: Guid(759dbfa1867b6704389585a48199fd10) Importer(815301076,1909f56bfc062723c751e8b465ee728b)
Start importing Assets/Models/Mapas/Wii U - Mario Kart 8 - DS Wario Stadium/bake_gds_wariostadium_g00_b01_f03.png using Guid(759dbfa1867b6704389585a48199fd10) Importer(815301076,1909f56bfc062723c751e8b465ee728b)  -> (artifact id: '82d241f9161863d1cb6429ca5406a8ea') in 0.008153 seconds 
========================================================================
Received Import Request.
  Time since last request: 0.000027 seconds.
  path: Assets/Models/Mapas/Wii U - Mario Kart 8 - DS Wario Stadium/dsws_ry_gallery_00_alb.7.png
  artifactKey: Guid(549b7ff97e24a5544a2bd3bddae2dd9c) Importer(815301076,1909f56bfc062723c751e8b465ee728b)
Start importing Assets/Models/Mapas/Wii U - Mario Kart 8 - DS Wario Stadium/dsws_ry_gallery_00_alb.7.png using Guid(549b7ff97e24a5544a2bd3bddae2dd9c) Importer(815301076,1909f56bfc062723c751e8b465ee728b)  -> (artifact id: 'f6e995d9f6a84312b2574424af7b7d06') in 0.008603 seconds 
========================================================================
Received Import Request.
  Time since last request: 0.000017 seconds.
  path: Assets/Models/Mapas/Wii U - Mario Kart 8 - DS Wario Stadium/dsws_ry_fream02_alb.png
  artifactKey: Guid(73e2c5266825a884393262b6e9ea432e) Importer(815301076,1909f56bfc062723c751e8b465ee728b)
Start importing Assets/Models/Mapas/Wii U - Mario Kart 8 - DS Wario Stadium/dsws_ry_fream02_alb.png using Guid(73e2c5266825a884393262b6e9ea432e) Importer(815301076,1909f56bfc062723c751e8b465ee728b)  -> (artifact id: 'a164922f65ab7cbdbaa79f64f2157aa0') in 0.019363 seconds 
========================================================================
Received Import Request.
  Time since last request: 0.000019 seconds.
  path: Assets/Models/Mapas/Wii U - Mario Kart 8 - DS Wario Stadium/dsws_ry_iron01_spm.png
  artifactKey: Guid(d7163299c0b503a47b3de8b75ad73987) Importer(815301076,1909f56bfc062723c751e8b465ee728b)
Start importing Assets/Models/Mapas/Wii U - Mario Kart 8 - DS Wario Stadium/dsws_ry_iron01_spm.png using Guid(d7163299c0b503a47b3de8b75ad73987) Importer(815301076,1909f56bfc062723c751e8b465ee728b)  -> (artifact id: '99c096355e19831169a8575342b923fd') in 0.008116 seconds 
========================================================================
Received Import Request.
  Time since last request: 0.000020 seconds.
  path: Assets/Models/Mapas/Wii U - Mario Kart 8 - DS Wario Stadium/dsws_ry_signboard01_alb.png
  artifactKey: Guid(421002317661a7146b4a8867c6d09b27) Importer(815301076,1909f56bfc062723c751e8b465ee728b)
Start importing Assets/Models/Mapas/Wii U - Mario Kart 8 - DS Wario Stadium/dsws_ry_signboard01_alb.png using Guid(421002317661a7146b4a8867c6d09b27) Importer(815301076,1909f56bfc062723c751e8b465ee728b)  -> (artifact id: '1179f3fe30c19240b8b8a404e8da16e8') in 0.009353 seconds 
========================================================================
Received Import Request.
  Time since last request: 0.000019 seconds.
  path: Assets/Models/Mapas/Wii U - Mario Kart 8 - DS Wario Stadium/dsws_ry_mud00_alb.png
  artifactKey: Guid(b420bfd8a0780334db8e8826bdd3460e) Importer(815301076,1909f56bfc062723c751e8b465ee728b)
Start importing Assets/Models/Mapas/Wii U - Mario Kart 8 - DS Wario Stadium/dsws_ry_mud00_alb.png using Guid(b420bfd8a0780334db8e8826bdd3460e) Importer(815301076,1909f56bfc062723c751e8b465ee728b)  -> (artifact id: 'e9b4dd224fa642e8d3278836da643496') in 0.010037 seconds 
========================================================================
Received Import Request.
  Time since last request: 0.000016 seconds.
  path: Assets/Models/Mapas/Wii U - Mario Kart 8 - DS Wario Stadium/dsws_ry_epipe00_nrm.png
  artifactKey: Guid(c9c7a562219354f44a390a5b10835c11) Importer(815301076,1909f56bfc062723c751e8b465ee728b)
Start importing Assets/Models/Mapas/Wii U - Mario Kart 8 - DS Wario Stadium/dsws_ry_epipe00_nrm.png using Guid(c9c7a562219354f44a390a5b10835c11) Importer(815301076,1909f56bfc062723c751e8b465ee728b)  -> (artifact id: '170f4c241cf4140b6f397f97d141b594') in 0.008787 seconds 
========================================================================
Received Import Request.
  Time since last request: 0.000027 seconds.
  path: Assets/Models/Mapas/Wii U - Mario Kart 8 - DS Wario Stadium/dsws_ry_iron00_alb.png
  artifactKey: Guid(b61ff674b1dcbcf42b249f5651956c7c) Importer(815301076,1909f56bfc062723c751e8b465ee728b)
Start importing Assets/Models/Mapas/Wii U - Mario Kart 8 - DS Wario Stadium/dsws_ry_iron00_alb.png using Guid(b61ff674b1dcbcf42b249f5651956c7c) Importer(815301076,1909f56bfc062723c751e8b465ee728b)  -> (artifact id: 'cb2e7fac48166a63ac569c151d7b8676') in 0.008654 seconds 
========================================================================
Received Import Request.
  Time since last request: 0.000024 seconds.
  path: Assets/Models/Mapas/Wii U - Mario Kart 8 - DS Wario Stadium/dsws_ry_dirt00_spm.png
  artifactKey: Guid(8400be4868294f0449b270cc139c9bca) Importer(815301076,1909f56bfc062723c751e8b465ee728b)
Start importing Assets/Models/Mapas/Wii U - Mario Kart 8 - DS Wario Stadium/dsws_ry_dirt00_spm.png using Guid(8400be4868294f0449b270cc139c9bca) Importer(815301076,1909f56bfc062723c751e8b465ee728b)  -> (artifact id: '96716deb3245b92b19b424543652c44c') in 0.008790 seconds 
========================================================================
Received Import Request.
  Time since last request: 0.000023 seconds.
  path: Assets/Models/Mapas/Wii U - Mario Kart 8 - DS Wario Stadium/dsws_ry_gallery_00_alb.0.png
  artifactKey: Guid(8635b43a78e3a2048a6a4f58b3f8e967) Importer(815301076,1909f56bfc062723c751e8b465ee728b)
Start importing Assets/Models/Mapas/Wii U - Mario Kart 8 - DS Wario Stadium/dsws_ry_gallery_00_alb.0.png using Guid(8635b43a78e3a2048a6a4f58b3f8e967) Importer(815301076,1909f56bfc062723c751e8b465ee728b)  -> (artifact id: '69da8b4ca3e7a308979360f49399b988') in 0.009443 seconds 
========================================================================
Received Import Request.
  Time since last request: 0.000017 seconds.
  path: Assets/Models/Mapas/Wii U - Mario Kart 8 - DS Wario Stadium/dsws_ry_brigeroad00_spm.png
  artifactKey: Guid(2da3e21b80c6ee444bd7dbb6d14ffa7c) Importer(815301076,1909f56bfc062723c751e8b465ee728b)
Start importing Assets/Models/Mapas/Wii U - Mario Kart 8 - DS Wario Stadium/dsws_ry_brigeroad00_spm.png using Guid(2da3e21b80c6ee444bd7dbb6d14ffa7c) Importer(815301076,1909f56bfc062723c751e8b465ee728b)  -> (artifact id: 'dd4e5d7b0e3846c2bd9426fe334b8d2a') in 0.008724 seconds 
========================================================================
Received Import Request.
  Time since last request: 0.000023 seconds.
  path: Assets/Models/Mapas/Wii U - Mario Kart 8 - DS Wario Stadium/dsws_ry_wariobody00_nrm.png
  artifactKey: Guid(9f909efde7d466b409d878da89940556) Importer(815301076,1909f56bfc062723c751e8b465ee728b)
Start importing Assets/Models/Mapas/Wii U - Mario Kart 8 - DS Wario Stadium/dsws_ry_wariobody00_nrm.png using Guid(9f909efde7d466b409d878da89940556) Importer(815301076,1909f56bfc062723c751e8b465ee728b)  -> (artifact id: 'aeb54cbb9c451d8c8cca76e9979df0c9') in 0.009723 seconds 
========================================================================
Received Import Request.
  Time since last request: 0.000027 seconds.
  path: Assets/Models/Mapas/Wii U - Mario Kart 8 - DS Wario Stadium/dsws_ry_fream00_emm.png
  artifactKey: Guid(5970b7f8a57a1dd42a1edace3be4942b) Importer(815301076,1909f56bfc062723c751e8b465ee728b)
Start importing Assets/Models/Mapas/Wii U - Mario Kart 8 - DS Wario Stadium/dsws_ry_fream00_emm.png using Guid(5970b7f8a57a1dd42a1edace3be4942b) Importer(815301076,1909f56bfc062723c751e8b465ee728b)  -> (artifact id: 'c218310c1b7094344c63c10c4f6dcf1b') in 0.009316 seconds 
========================================================================
Received Import Request.
  Time since last request: 0.000024 seconds.
  path: Assets/Models/Mapas/Wii U - Mario Kart 8 - DS Wario Stadium/dsws_ry_fream03_alb.png
  artifactKey: Guid(8fe9314b798474e48a2abaa2224488eb) Importer(815301076,1909f56bfc062723c751e8b465ee728b)
Start importing Assets/Models/Mapas/Wii U - Mario Kart 8 - DS Wario Stadium/dsws_ry_fream03_alb.png using Guid(8fe9314b798474e48a2abaa2224488eb) Importer(815301076,1909f56bfc062723c751e8b465ee728b)  -> (artifact id: '278b20dc0939fb1697685009a6df0d8c') in 0.008147 seconds 
========================================================================
Received Import Request.
  Time since last request: 0.000037 seconds.
  path: Assets/Models/Mapas/Wii U - Mario Kart 8 - DS Wario Stadium/bake_gds_wariostadium_g00_b00_f02.png
  artifactKey: Guid(0ab22dd0f23084e4da58f26bce10d78f) Importer(815301076,1909f56bfc062723c751e8b465ee728b)
Start importing Assets/Models/Mapas/Wii U - Mario Kart 8 - DS Wario Stadium/bake_gds_wariostadium_g00_b00_f02.png using Guid(0ab22dd0f23084e4da58f26bce10d78f) Importer(815301076,1909f56bfc062723c751e8b465ee728b)  -> (artifact id: '04500214f066d090ef5b64bb05964fab') in 0.009827 seconds 
========================================================================
Received Import Request.
  Time since last request: 0.000018 seconds.
  path: Assets/Models/Mapas/Wii U - Mario Kart 8 - DS Wario Stadium/dsws_ry_iron00_nrm.png
  artifactKey: Guid(40c315dc41b505e499922ac4dc4ff60a) Importer(815301076,1909f56bfc062723c751e8b465ee728b)
Start importing Assets/Models/Mapas/Wii U - Mario Kart 8 - DS Wario Stadium/dsws_ry_iron00_nrm.png using Guid(40c315dc41b505e499922ac4dc4ff60a) Importer(815301076,1909f56bfc062723c751e8b465ee728b)  -> (artifact id: '921307701e3ae2b698095660ea32e788') in 0.014435 seconds 
========================================================================
Received Import Request.
  Time since last request: 0.000020 seconds.
  path: Assets/Models/Mapas/Wii U - Mario Kart 8 - DS Wario Stadium/dsws_ry_esboard00_spm.png
  artifactKey: Guid(dc76448b930dc1b4b96b0960e2bc36ad) Importer(815301076,1909f56bfc062723c751e8b465ee728b)
Start importing Assets/Models/Mapas/Wii U - Mario Kart 8 - DS Wario Stadium/dsws_ry_esboard00_spm.png using Guid(dc76448b930dc1b4b96b0960e2bc36ad) Importer(815301076,1909f56bfc062723c751e8b465ee728b)  -> (artifact id: 'f187a301bc4a1334fb1d0146c3233a7e') in 0.008169 seconds 
========================================================================
Received Import Request.
  Time since last request: 0.000018 seconds.
  path: Assets/Models/Mapas/Wii U - Mario Kart 8 - DS Wario Stadium/dsws_ry_concrete01_alb.png
  artifactKey: Guid(6c5deb049b8caa140abc0b79dc9b0c19) Importer(815301076,1909f56bfc062723c751e8b465ee728b)
Start importing Assets/Models/Mapas/Wii U - Mario Kart 8 - DS Wario Stadium/dsws_ry_concrete01_alb.png using Guid(6c5deb049b8caa140abc0b79dc9b0c19) Importer(815301076,1909f56bfc062723c751e8b465ee728b)  -> (artifact id: 'd099df73f2f4c8e64bdc5dcfeaf71b5d') in 0.008705 seconds 
========================================================================
Received Import Request.
  Time since last request: 0.000020 seconds.
  path: Assets/Models/Mapas/Wii U - Mario Kart 8 - DS Wario Stadium/dsws_ry_warioface00_spm.png
  artifactKey: Guid(d2a1e9d025cbea3499095079f49ef308) Importer(815301076,1909f56bfc062723c751e8b465ee728b)
Start importing Assets/Models/Mapas/Wii U - Mario Kart 8 - DS Wario Stadium/dsws_ry_warioface00_spm.png using Guid(d2a1e9d025cbea3499095079f49ef308) Importer(815301076,1909f56bfc062723c751e8b465ee728b)  -> (artifact id: 'a685664a1a1ff67e4599344b14f30ae5') in 0.007947 seconds 
========================================================================
Received Import Request.
  Time since last request: 0.000017 seconds.
  path: Assets/Models/Mapas/Wii U - Mario Kart 8 - DS Wario Stadium/dsws_ry_jump00_alb.png
  artifactKey: Guid(6f5852a46c54dc34fbc5f0b991a3e74e) Importer(815301076,1909f56bfc062723c751e8b465ee728b)
Start importing Assets/Models/Mapas/Wii U - Mario Kart 8 - DS Wario Stadium/dsws_ry_jump00_alb.png using Guid(6f5852a46c54dc34fbc5f0b991a3e74e) Importer(815301076,1909f56bfc062723c751e8b465ee728b)  -> (artifact id: '392bdb50730d7cdecff6db3a70434a18') in 0.007996 seconds 
========================================================================
Received Import Request.
  Time since last request: 0.000021 seconds.
  path: Assets/Models/Mapas/Wii U - Mario Kart 8 - DS Wario Stadium/bake_gds_wariostadium_g00_b00_f04.png
  artifactKey: Guid(cf38c13ef7925be4883a0e406145d5e4) Importer(815301076,1909f56bfc062723c751e8b465ee728b)
Start importing Assets/Models/Mapas/Wii U - Mario Kart 8 - DS Wario Stadium/bake_gds_wariostadium_g00_b00_f04.png using Guid(cf38c13ef7925be4883a0e406145d5e4) Importer(815301076,1909f56bfc062723c751e8b465ee728b)  -> (artifact id: 'a92d7a95cb4cc64504df957dd9c888a5') in 0.009482 seconds 
========================================================================
Received Import Request.
  Time since last request: 0.000025 seconds.
  path: Assets/Models/Mapas/Wii U - Mario Kart 8 - DS Wario Stadium/dsws_ry_signboard02_spm.png
  artifactKey: Guid(79ea28b89bb0e6f46beb4d7ac18aa2d9) Importer(815301076,1909f56bfc062723c751e8b465ee728b)
Start importing Assets/Models/Mapas/Wii U - Mario Kart 8 - DS Wario Stadium/dsws_ry_signboard02_spm.png using Guid(79ea28b89bb0e6f46beb4d7ac18aa2d9) Importer(815301076,1909f56bfc062723c751e8b465ee728b)  -> (artifact id: '6862aff26357bcaff9f249574beb5105') in 0.008719 seconds 
========================================================================
Received Import Request.
  Time since last request: 0.000017 seconds.
  path: Assets/Models/Mapas/Wii U - Mario Kart 8 - DS Wario Stadium/dsws_ry_iron01_alb.png
  artifactKey: Guid(bc0e7bd3c446b264ab8fe26629232f1a) Importer(815301076,1909f56bfc062723c751e8b465ee728b)
Start importing Assets/Models/Mapas/Wii U - Mario Kart 8 - DS Wario Stadium/dsws_ry_iron01_alb.png using Guid(bc0e7bd3c446b264ab8fe26629232f1a) Importer(815301076,1909f56bfc062723c751e8b465ee728b)  -> (artifact id: 'f5fbf8e9041bce278771f3671446e987') in 0.008875 seconds 
========================================================================
Received Import Request.
  Time since last request: 0.000015 seconds.
  path: Assets/Models/Mapas/Wii U - Mario Kart 8 - DS Wario Stadium/dsws_ry_net_01_nrm.png
  artifactKey: Guid(275d3375ceabf6645b9caa3e20aa2384) Importer(815301076,1909f56bfc062723c751e8b465ee728b)
Start importing Assets/Models/Mapas/Wii U - Mario Kart 8 - DS Wario Stadium/dsws_ry_net_01_nrm.png using Guid(275d3375ceabf6645b9caa3e20aa2384) Importer(815301076,1909f56bfc062723c751e8b465ee728b)  -> (artifact id: '5e581bd7900eb01bf20657d718cb17df') in 0.008375 seconds 
========================================================================
Received Import Request.
  Time since last request: 0.000013 seconds.
  path: Assets/Models/Mapas/Wii U - Mario Kart 8 - DS Wario Stadium/causticspattern.png
  artifactKey: Guid(9fe961ba38e421e42b78604abfdc616d) Importer(815301076,1909f56bfc062723c751e8b465ee728b)
Start importing Assets/Models/Mapas/Wii U - Mario Kart 8 - DS Wario Stadium/causticspattern.png using Guid(9fe961ba38e421e42b78604abfdc616d) Importer(815301076,1909f56bfc062723c751e8b465ee728b)  -> (artifact id: '6aeb1a623bf8ffef396f26c3f1550bd9') in 0.009335 seconds 
========================================================================
Received Import Request.
  Time since last request: 0.000035 seconds.
  path: Assets/Models/Mapas/Wii U - Mario Kart 8 - DS Wario Stadium/dsws_ry_concrete01_nrm.png
  artifactKey: Guid(fe0b97adc684421478d76cd24143bd5c) Importer(815301076,1909f56bfc062723c751e8b465ee728b)
Start importing Assets/Models/Mapas/Wii U - Mario Kart 8 - DS Wario Stadium/dsws_ry_concrete01_nrm.png using Guid(fe0b97adc684421478d76cd24143bd5c) Importer(815301076,1909f56bfc062723c751e8b465ee728b)  -> (artifact id: '9e83f23aee2fda1adcab4dcc169c4bf1') in 0.010627 seconds 
========================================================================
Received Import Request.
  Time since last request: 0.000022 seconds.
  path: Assets/Models/Mapas/Wii U - Mario Kart 8 - DS Wario Stadium/dsws_ry_signboard02_nrm.png
  artifactKey: Guid(d81bca1ac3f7a5a4a87c9299bf92dc53) Importer(815301076,1909f56bfc062723c751e8b465ee728b)
Start importing Assets/Models/Mapas/Wii U - Mario Kart 8 - DS Wario Stadium/dsws_ry_signboard02_nrm.png using Guid(d81bca1ac3f7a5a4a87c9299bf92dc53) Importer(815301076,1909f56bfc062723c751e8b465ee728b)  -> (artifact id: 'c228e764ff0ef250b25d31fedd78f6f6') in 0.008053 seconds 
========================================================================
Received Import Request.
  Time since last request: 0.000019 seconds.
  path: Assets/Models/Mapas/Wii U - Mario Kart 8 - DS Wario Stadium/dsws_ry_warioboard00_alb.png
  artifactKey: Guid(88b94246b56787441971b3069796f1c9) Importer(815301076,1909f56bfc062723c751e8b465ee728b)
Start importing Assets/Models/Mapas/Wii U - Mario Kart 8 - DS Wario Stadium/dsws_ry_warioboard00_alb.png using Guid(88b94246b56787441971b3069796f1c9) Importer(815301076,1909f56bfc062723c751e8b465ee728b)  -> (artifact id: 'f2a0ed6637c94e54f582b50e3eed845d') in 0.008052 seconds 
========================================================================
Received Import Request.
  Time since last request: 0.000017 seconds.
  path: Assets/Models/Mapas/Wii U - Mario Kart 8 - DS Wario Stadium/dsws_ry_fream03_nrm.png
  artifactKey: Guid(28eb21b99d25a8b42872f132c73ffe00) Importer(815301076,1909f56bfc062723c751e8b465ee728b)
Start importing Assets/Models/Mapas/Wii U - Mario Kart 8 - DS Wario Stadium/dsws_ry_fream03_nrm.png using Guid(28eb21b99d25a8b42872f132c73ffe00) Importer(815301076,1909f56bfc062723c751e8b465ee728b)  -> (artifact id: '6f9838e63c0a1f276ac93fad1c8de8da') in 0.008166 seconds 
========================================================================
Received Import Request.
  Time since last request: 0.000020 seconds.
  path: Assets/Models/Mapas/Wii U - Mario Kart 8 - DS Wario Stadium/dsws_ry_wind01_alb.png
  artifactKey: Guid(23d07c9c5e68efd45a45dff967bf2b01) Importer(815301076,1909f56bfc062723c751e8b465ee728b)
Start importing Assets/Models/Mapas/Wii U - Mario Kart 8 - DS Wario Stadium/dsws_ry_wind01_alb.png using Guid(23d07c9c5e68efd45a45dff967bf2b01) Importer(815301076,1909f56bfc062723c751e8b465ee728b)  -> (artifact id: 'd4ace22e255572d7ad759e40771cfbce') in 0.008071 seconds 
========================================================================
Received Import Request.
  Time since last request: 0.000026 seconds.
  path: Assets/Models/Mapas/Wii U - Mario Kart 8 - DS Wario Stadium/dsws_ry_roof00_emm.png
  artifactKey: Guid(82b821dff6e79804184cee639c96d2fc) Importer(815301076,1909f56bfc062723c751e8b465ee728b)
Start importing Assets/Models/Mapas/Wii U - Mario Kart 8 - DS Wario Stadium/dsws_ry_roof00_emm.png using Guid(82b821dff6e79804184cee639c96d2fc) Importer(815301076,1909f56bfc062723c751e8b465ee728b)  -> (artifact id: 'f5f4132d860cd26d300fe6f13a7f1873') in 0.008160 seconds 
========================================================================
Received Import Request.
  Time since last request: 0.000017 seconds.
  path: Assets/Models/Mapas/Wii U - Mario Kart 8 - DS Wario Stadium/dsws_ry_door00_nrm.png
  artifactKey: Guid(82f6cb70196fe7d4d8ea819b3faf62af) Importer(815301076,1909f56bfc062723c751e8b465ee728b)
Start importing Assets/Models/Mapas/Wii U - Mario Kart 8 - DS Wario Stadium/dsws_ry_door00_nrm.png using Guid(82f6cb70196fe7d4d8ea819b3faf62af) Importer(815301076,1909f56bfc062723c751e8b465ee728b)  -> (artifact id: '0d2a86b44c534e430ccb465e58228c88') in 0.008924 seconds 
========================================================================
Received Import Request.
  Time since last request: 0.000015 seconds.
  path: Assets/Models/Mapas/Wii U - Mario Kart 8 - DS Wario Stadium/DS Wario Stadium.obj
  artifactKey: Guid(267f04a525555a64e8e112a62b761e2b) Importer(815301076,1909f56bfc062723c751e8b465ee728b)
Start importing Assets/Models/Mapas/Wii U - Mario Kart 8 - DS Wario Stadium/DS Wario Stadium.obj using Guid(267f04a525555a64e8e112a62b761e2b) Importer(815301076,1909f56bfc062723c751e8b465ee728b)  -> (artifact id: 'f0b51bad3d89fff98796cd4adb174745') in 0.027257 seconds 
========================================================================
Received Import Request.
  Time since last request: 0.000025 seconds.
  path: Assets/Models/Mapas/Wii U - Mario Kart 8 - DS Wario Stadium/dsws_ry_wall00_nrm.png
  artifactKey: Guid(6a6a8268f44d68444be19d9fa8fc72f1) Importer(815301076,1909f56bfc062723c751e8b465ee728b)
Start importing Assets/Models/Mapas/Wii U - Mario Kart 8 - DS Wario Stadium/dsws_ry_wall00_nrm.png using Guid(6a6a8268f44d68444be19d9fa8fc72f1) Importer(815301076,1909f56bfc062723c751e8b465ee728b)  -> (artifact id: '3ad3bebb0c0af7d17926ef7301ec5189') in 0.012551 seconds 
========================================================================
Received Import Request.
  Time since last request: 0.000015 seconds.
  path: Assets/Models/Mapas/Wii U - Mario Kart 8 - DS Wario Stadium/dsws_ot_esboard00_alb.png
  artifactKey: Guid(ec72020b7ed06744786ea201bebcb4b9) Importer(815301076,1909f56bfc062723c751e8b465ee728b)
Start importing Assets/Models/Mapas/Wii U - Mario Kart 8 - DS Wario Stadium/dsws_ot_esboard00_alb.png using Guid(ec72020b7ed06744786ea201bebcb4b9) Importer(815301076,1909f56bfc062723c751e8b465ee728b)  -> (artifact id: 'cc59acf3905f70198dcf659aaadb3670') in 0.009692 seconds 
========================================================================
Received Import Request.
  Time since last request: 0.000022 seconds.
  path: Assets/Models/Mapas/Wii U - Mario Kart 8 - DS Wario Stadium/dsws_ry_signboard00_spm.png
  artifactKey: Guid(b64bf1c75cda2aa45b01edd920d85736) Importer(815301076,1909f56bfc062723c751e8b465ee728b)
Start importing Assets/Models/Mapas/Wii U - Mario Kart 8 - DS Wario Stadium/dsws_ry_signboard00_spm.png using Guid(b64bf1c75cda2aa45b01edd920d85736) Importer(815301076,1909f56bfc062723c751e8b465ee728b)  -> (artifact id: '1c79fa7ee00ea239f2ffb875fbc755dd') in 0.008739 seconds 
========================================================================
Received Import Request.
  Time since last request: 0.000024 seconds.
  path: Assets/Models/Mapas/Wii U - Mario Kart 8 - DS Wario Stadium/dsws_ry_road00_nrm.png
  artifactKey: Guid(8ac41606660155044a48a224747ba2a6) Importer(815301076,1909f56bfc062723c751e8b465ee728b)
Start importing Assets/Models/Mapas/Wii U - Mario Kart 8 - DS Wario Stadium/dsws_ry_road00_nrm.png using Guid(8ac41606660155044a48a224747ba2a6) Importer(815301076,1909f56bfc062723c751e8b465ee728b)  -> (artifact id: '3a96a62f538e360535233eb074ade0c6') in 0.011793 seconds 
========================================================================
Received Import Request.
  Time since last request: 0.000036 seconds.
  path: Assets/Models/Mapas/Wii U - Mario Kart 8 - DS Wario Stadium/dsws_ry_stand00_spm.png
  artifactKey: Guid(f1bf6b081b7a83f44b21a936ff00d3c9) Importer(815301076,1909f56bfc062723c751e8b465ee728b)
Start importing Assets/Models/Mapas/Wii U - Mario Kart 8 - DS Wario Stadium/dsws_ry_stand00_spm.png using Guid(f1bf6b081b7a83f44b21a936ff00d3c9) Importer(815301076,1909f56bfc062723c751e8b465ee728b)  -> (artifact id: 'cdd7e93cab6096da1cad549b0ce818d5') in 0.009296 seconds 
========================================================================
Received Import Request.
  Time since last request: 0.000020 seconds.
  path: Assets/Models/Mapas/Wii U - Mario Kart 8 - DS Wario Stadium/dsws_ry_mud00_nrm.png
  artifactKey: Guid(98375b2b9539fe64d8701a1ab56a9150) Importer(815301076,1909f56bfc062723c751e8b465ee728b)
Start importing Assets/Models/Mapas/Wii U - Mario Kart 8 - DS Wario Stadium/dsws_ry_mud00_nrm.png using Guid(98375b2b9539fe64d8701a1ab56a9150) Importer(815301076,1909f56bfc062723c751e8b465ee728b)  -> (artifact id: '904e056f8710ebd5c423d822d5eb0e7c') in 0.010145 seconds 
========================================================================
Received Import Request.
  Time since last request: 0.000020 seconds.
  path: Assets/Models/Mapas/Wii U - Mario Kart 8 - DS Wario Stadium/dsws_ry_iron02_nrm.png
  artifactKey: Guid(723975b7483e2d347a84b46ef71292b7) Importer(815301076,1909f56bfc062723c751e8b465ee728b)
Start importing Assets/Models/Mapas/Wii U - Mario Kart 8 - DS Wario Stadium/dsws_ry_iron02_nrm.png using Guid(723975b7483e2d347a84b46ef71292b7) Importer(815301076,1909f56bfc062723c751e8b465ee728b)  -> (artifact id: '536487b9f6f8cd67ac8194bc35220830') in 0.009463 seconds 
========================================================================
Received Import Request.
  Time since last request: 0.000020 seconds.
  path: Assets/Models/Mapas/Wii U - Mario Kart 8 - DS Wario Stadium/dsws_ot_cuplogo_alb.png
  artifactKey: Guid(362f76f4346757644b4c45b3b8d00c1b) Importer(815301076,1909f56bfc062723c751e8b465ee728b)
Start importing Assets/Models/Mapas/Wii U - Mario Kart 8 - DS Wario Stadium/dsws_ot_cuplogo_alb.png using Guid(362f76f4346757644b4c45b3b8d00c1b) Importer(815301076,1909f56bfc062723c751e8b465ee728b)  -> (artifact id: '690fcf6f2c27990474a163cd519ef582') in 0.010323 seconds 
========================================================================
Received Import Request.
  Time since last request: 0.000030 seconds.
  path: Assets/Models/Mapas/Wii U - Mario Kart 8 - DS Wario Stadium/dsws_ry_iron03_alb.png
  artifactKey: Guid(7bdc0b41840015141a4af53730e86f85) Importer(815301076,1909f56bfc062723c751e8b465ee728b)
Start importing Assets/Models/Mapas/Wii U - Mario Kart 8 - DS Wario Stadium/dsws_ry_iron03_alb.png using Guid(7bdc0b41840015141a4af53730e86f85) Importer(815301076,1909f56bfc062723c751e8b465ee728b)  -> (artifact id: '02b71e952358302db006df091aab9f0e') in 0.009634 seconds 
========================================================================
Received Import Request.
  Time since last request: 0.000017 seconds.
  path: Assets/Models/Mapas/Wii U - Mario Kart 8 - DS Wario Stadium/bake_gds_wariostadium_g00_b00_f03.png
  artifactKey: Guid(6d34db65080b8604bbf5b75cb836f5ad) Importer(815301076,1909f56bfc062723c751e8b465ee728b)
Start importing Assets/Models/Mapas/Wii U - Mario Kart 8 - DS Wario Stadium/bake_gds_wariostadium_g00_b00_f03.png using Guid(6d34db65080b8604bbf5b75cb836f5ad) Importer(815301076,1909f56bfc062723c751e8b465ee728b)  -> (artifact id: '08e486595c3872b38fc51c2baabb2c5a') in 0.011315 seconds 
========================================================================
Received Import Request.
  Time since last request: 0.000032 seconds.
  path: Assets/Models/Mapas/Wii U - Mario Kart 8 - DS Wario Stadium/dsws_ry_gallery_00_alb.4.png
  artifactKey: Guid(908e859f672ddd7488c55affb71315ed) Importer(815301076,1909f56bfc062723c751e8b465ee728b)
Start importing Assets/Models/Mapas/Wii U - Mario Kart 8 - DS Wario Stadium/dsws_ry_gallery_00_alb.4.png using Guid(908e859f672ddd7488c55affb71315ed) Importer(815301076,1909f56bfc062723c751e8b465ee728b)  -> (artifact id: 'b75b07d1754a68c2cd8410980de64eb7') in 0.009472 seconds 
========================================================================
Received Import Request.
  Time since last request: 0.000013 seconds.
  path: Assets/Models/Mapas/Wii U - Mario Kart 8 - DS Wario Stadium/dsws_ry_stand00_nrm.png
  artifactKey: Guid(90babf881257bdb47a19ff38ccd7323c) Importer(815301076,1909f56bfc062723c751e8b465ee728b)
Start importing Assets/Models/Mapas/Wii U - Mario Kart 8 - DS Wario Stadium/dsws_ry_stand00_nrm.png using Guid(90babf881257bdb47a19ff38ccd7323c) Importer(815301076,1909f56bfc062723c751e8b465ee728b)  -> (artifact id: 'd3e814e75eabecc89d08064060852751') in 0.008518 seconds 
========================================================================
Received Import Request.
  Time since last request: 0.000018 seconds.
  path: Assets/Models/Mapas/Wii U - Mario Kart 8 - DS Wario Stadium/dsws_ry_iron02_spm.png
  artifactKey: Guid(d5488835341f9414caaad00445ad9d13) Importer(815301076,1909f56bfc062723c751e8b465ee728b)
Start importing Assets/Models/Mapas/Wii U - Mario Kart 8 - DS Wario Stadium/dsws_ry_iron02_spm.png using Guid(d5488835341f9414caaad00445ad9d13) Importer(815301076,1909f56bfc062723c751e8b465ee728b)  -> (artifact id: '6a56869e8d6136d3a5599db80ca90216') in 0.008927 seconds 
========================================================================
Received Import Request.
  Time since last request: 0.000019 seconds.
  path: Assets/Models/Mapas/Wii U - Mario Kart 8 - DS Wario Stadium/dsws_ry_roof00_alb.png
  artifactKey: Guid(409cf68fd5dc62d49889912a326c511a) Importer(815301076,1909f56bfc062723c751e8b465ee728b)
Start importing Assets/Models/Mapas/Wii U - Mario Kart 8 - DS Wario Stadium/dsws_ry_roof00_alb.png using Guid(409cf68fd5dc62d49889912a326c511a) Importer(815301076,1909f56bfc062723c751e8b465ee728b)  -> (artifact id: '97e3462bd854a104e61e668f8943cdfa') in 0.009862 seconds 
========================================================================
Received Import Request.
  Time since last request: 0.000019 seconds.
  path: Assets/Models/Mapas/Wii U - Mario Kart 8 - DS Wario Stadium/dsws_ry_concrete02_nrm.png
  artifactKey: Guid(3ae8f01f13835df4da212b7972538331) Importer(815301076,1909f56bfc062723c751e8b465ee728b)
Start importing Assets/Models/Mapas/Wii U - Mario Kart 8 - DS Wario Stadium/dsws_ry_concrete02_nrm.png using Guid(3ae8f01f13835df4da212b7972538331) Importer(815301076,1909f56bfc062723c751e8b465ee728b)  -> (artifact id: '1eea72cf3ddca9abe446cf1a1068d250') in 0.009997 seconds 
========================================================================
Received Import Request.
  Time since last request: 0.000030 seconds.
  path: Assets/Models/Mapas/Wii U - Mario Kart 8 - DS Wario Stadium/cmnstartgrid1_spm.png
  artifactKey: Guid(553b6626c7857a2489b81f914286d1b1) Importer(815301076,1909f56bfc062723c751e8b465ee728b)
Start importing Assets/Models/Mapas/Wii U - Mario Kart 8 - DS Wario Stadium/cmnstartgrid1_spm.png using Guid(553b6626c7857a2489b81f914286d1b1) Importer(815301076,1909f56bfc062723c751e8b465ee728b)  -> (artifact id: '9f3a0a9d928b1e2f88f0e098058f0660') in 0.008572 seconds 
========================================================================
Received Import Request.
  Time since last request: 0.000017 seconds.
  path: Assets/Models/Mapas/Wii U - Mario Kart 8 - DS Wario Stadium/dsws_ry_concrete00_alb.png
  artifactKey: Guid(97a2aa0abfb28394fa65b6970791d131) Importer(815301076,1909f56bfc062723c751e8b465ee728b)
Start importing Assets/Models/Mapas/Wii U - Mario Kart 8 - DS Wario Stadium/dsws_ry_concrete00_alb.png using Guid(97a2aa0abfb28394fa65b6970791d131) Importer(815301076,1909f56bfc062723c751e8b465ee728b)  -> (artifact id: 'c8a28d6edd31aa3ec3c5e39d9f7ee2e4') in 0.009439 seconds 
========================================================================
Received Import Request.
  Time since last request: 0.000027 seconds.
  path: Assets/Models/Mapas/Wii U - Mario Kart 8 - DS Wario Stadium/dsws_ry_esboard00_alb.png
  artifactKey: Guid(c86652f554e7f7f42b6927db9a72f191) Importer(815301076,1909f56bfc062723c751e8b465ee728b)
Start importing Assets/Models/Mapas/Wii U - Mario Kart 8 - DS Wario Stadium/dsws_ry_esboard00_alb.png using Guid(c86652f554e7f7f42b6927db9a72f191) Importer(815301076,1909f56bfc062723c751e8b465ee728b)  -> (artifact id: 'f18739e245dd74977103318fb9a871e5') in 0.009047 seconds 
========================================================================
Received Import Request.
  Time since last request: 0.000023 seconds.
  path: Assets/Models/Mapas/Wii U - Mario Kart 8 - DS Wario Stadium/dsws_ot_projecter_light_nrm.png
  artifactKey: Guid(1056500e790341641abe36baaff5339c) Importer(815301076,1909f56bfc062723c751e8b465ee728b)
Start importing Assets/Models/Mapas/Wii U - Mario Kart 8 - DS Wario Stadium/dsws_ot_projecter_light_nrm.png using Guid(1056500e790341641abe36baaff5339c) Importer(815301076,1909f56bfc062723c751e8b465ee728b)  -> (artifact id: '9a896d79dd3ad1744f91e8a806a17c20') in 0.009885 seconds 
========================================================================
Received Import Request.
  Time since last request: 0.000017 seconds.
  path: Assets/Models/Mapas/Wii U - Mario Kart 8 - DS Wario Stadium/dsws_ot_gate_spm.png
  artifactKey: Guid(e7bc00264560d364ea2b4c78020e5afa) Importer(815301076,1909f56bfc062723c751e8b465ee728b)
Start importing Assets/Models/Mapas/Wii U - Mario Kart 8 - DS Wario Stadium/dsws_ot_gate_spm.png using Guid(e7bc00264560d364ea2b4c78020e5afa) Importer(815301076,1909f56bfc062723c751e8b465ee728b)  -> (artifact id: '0dceab598bcdb4b03f70f94a10541f99') in 0.007916 seconds 
========================================================================
Received Import Request.
  Time since last request: 0.000014 seconds.
  path: Assets/Models/Mapas/Wii U - Mario Kart 8 - DS Wario Stadium/dsws_ry_signboard03_spm.png
  artifactKey: Guid(f1a8e6684d0a9ae43863bbbe55cf903c) Importer(815301076,1909f56bfc062723c751e8b465ee728b)
Start importing Assets/Models/Mapas/Wii U - Mario Kart 8 - DS Wario Stadium/dsws_ry_signboard03_spm.png using Guid(f1a8e6684d0a9ae43863bbbe55cf903c) Importer(815301076,1909f56bfc062723c751e8b465ee728b)  -> (artifact id: 'f3384e34e944cec4f2b9c14d815b0c66') in 0.010880 seconds 
========================================================================
Received Import Request.
  Time since last request: 1.386488 seconds.
  path: Assets/Models/Mapas/Wii U - Mario Kart 8 - DS Wario Stadium/dsws_ry_wind01_spm.png
  artifactKey: Guid(c414680fd4d8dad438964abd17ea675e) Importer(815301076,1909f56bfc062723c751e8b465ee728b)
Start importing Assets/Models/Mapas/Wii U - Mario Kart 8 - DS Wario Stadium/dsws_ry_wind01_spm.png using Guid(c414680fd4d8dad438964abd17ea675e) Importer(815301076,1909f56bfc062723c751e8b465ee728b)  -> (artifact id: '0225417c5f3e922a80f77bf5bdef1bcd') in 0.008070 seconds 
========================================================================
Received Import Request.
  Time since last request: 0.000027 seconds.
  path: Assets/Models/Mapas/Wii U - Mario Kart 8 - DS Wario Stadium/dsws_staertgateballoon_spm.png
  artifactKey: Guid(534b3cedb8f4db24ab2d898fd52775b6) Importer(815301076,1909f56bfc062723c751e8b465ee728b)
Start importing Assets/Models/Mapas/Wii U - Mario Kart 8 - DS Wario Stadium/dsws_staertgateballoon_spm.png using Guid(534b3cedb8f4db24ab2d898fd52775b6) Importer(815301076,1909f56bfc062723c751e8b465ee728b)  -> (artifact id: '74b4474f6ae4766a2c305d54d319e65b') in 0.008303 seconds 
========================================================================
Received Import Request.
  Time since last request: 0.000020 seconds.
  path: Assets/Models/Mapas/Wii U - Mario Kart 8 - DS Wario Stadium/dsws_startglide2_spm.png
  artifactKey: Guid(d9b10ea26c78a0641b2a2b375155e9a2) Importer(815301076,1909f56bfc062723c751e8b465ee728b)
Start importing Assets/Models/Mapas/Wii U - Mario Kart 8 - DS Wario Stadium/dsws_startglide2_spm.png using Guid(d9b10ea26c78a0641b2a2b375155e9a2) Importer(815301076,1909f56bfc062723c751e8b465ee728b)  -> (artifact id: '07499a0aab66c23205a5f17e27f9e7c5') in 0.009474 seconds 
========================================================================
Received Import Request.
  Time since last request: 0.000015 seconds.
  path: Assets/Models/Mapas/Wii U - Mario Kart 8 - DS Wario Stadium/dsws_staertgate_nrm.png
  artifactKey: Guid(04d6acdaa955cfe4ea3ab1c177335153) Importer(815301076,1909f56bfc062723c751e8b465ee728b)
Start importing Assets/Models/Mapas/Wii U - Mario Kart 8 - DS Wario Stadium/dsws_staertgate_nrm.png using Guid(04d6acdaa955cfe4ea3ab1c177335153) Importer(815301076,1909f56bfc062723c751e8b465ee728b)  -> (artifact id: '30af3cc818c04da7bda3543b0f37e173') in 0.009041 seconds 
========================================================================
Received Import Request.
  Time since last request: 0.000015 seconds.
  path: Assets/Models/Mapas/Wii U - Mario Kart 8 - DS Wario Stadium/dsws_staertgate_emm.png
  artifactKey: Guid(5cf42a32ba289f34298cb2b324384160) Importer(815301076,1909f56bfc062723c751e8b465ee728b)
Start importing Assets/Models/Mapas/Wii U - Mario Kart 8 - DS Wario Stadium/dsws_staertgate_emm.png using Guid(5cf42a32ba289f34298cb2b324384160) Importer(815301076,1909f56bfc062723c751e8b465ee728b)  -> (artifact id: 'f99e11d774bf0f7abfd4ac6d217c7249') in 0.008033 seconds 
========================================================================
Received Import Request.
  Time since last request: 0.000018 seconds.
  path: Assets/Models/Mapas/Wii U - Mario Kart 8 - DS Wario Stadium/dsws_staertgateballoon_alb.png
  artifactKey: Guid(582fa0181ba19054cba3ffb03e76a85d) Importer(815301076,1909f56bfc062723c751e8b465ee728b)
Start importing Assets/Models/Mapas/Wii U - Mario Kart 8 - DS Wario Stadium/dsws_staertgateballoon_alb.png using Guid(582fa0181ba19054cba3ffb03e76a85d) Importer(815301076,1909f56bfc062723c751e8b465ee728b)  -> (artifact id: '4081fd6347f7578f466ad027c444e723') in 0.009258 seconds 
========================================================================
Received Import Request.
  Time since last request: 0.000021 seconds.
  path: Assets/Models/Mapas/Wii U - Mario Kart 8 - DS Wario Stadium/dsws_staertgate_trm.png
  artifactKey: Guid(1248b5c32c1213948867d24374281151) Importer(815301076,1909f56bfc062723c751e8b465ee728b)
Start importing Assets/Models/Mapas/Wii U - Mario Kart 8 - DS Wario Stadium/dsws_staertgate_trm.png using Guid(1248b5c32c1213948867d24374281151) Importer(815301076,1909f56bfc062723c751e8b465ee728b)  -> (artifact id: '685fa1c46cc1a97d397e744e6df800ba') in 0.010498 seconds 
========================================================================
Received Import Request.
  Time since last request: 0.000016 seconds.
  path: Assets/Models/Mapas/Wii U - Mario Kart 8 - DS Wario Stadium/dsws_staertgate_alb.png
  artifactKey: Guid(7438143228e4fa7448fd2de288642b72) Importer(815301076,1909f56bfc062723c751e8b465ee728b)
Start importing Assets/Models/Mapas/Wii U - Mario Kart 8 - DS Wario Stadium/dsws_staertgate_alb.png using Guid(7438143228e4fa7448fd2de288642b72) Importer(815301076,1909f56bfc062723c751e8b465ee728b)  -> (artifact id: 'a2cf5bdbc5490cfa53126598df904b72') in 0.009430 seconds 
========================================================================
Received Import Request.
  Time since last request: 0.000021 seconds.
  path: Assets/Models/Mapas/Wii U - Mario Kart 8 - DS Wario Stadium/dsws_startglide2_alb.png
  artifactKey: Guid(66a15ce5a9880d040bedeab07aadd032) Importer(815301076,1909f56bfc062723c751e8b465ee728b)
Start importing Assets/Models/Mapas/Wii U - Mario Kart 8 - DS Wario Stadium/dsws_startglide2_alb.png using Guid(66a15ce5a9880d040bedeab07aadd032) Importer(815301076,1909f56bfc062723c751e8b465ee728b)  -> (artifact id: '72c9869558eea599ac4061cb5938695b') in 0.009474 seconds 
========================================================================
Received Import Request.
  Time since last request: 0.000017 seconds.
  path: Assets/Models/Mapas/Wii U - Mario Kart 8 - DS Wario Stadium/dsws_staertgate_spm.png
  artifactKey: Guid(ff22e56c89620554b9650db5252e1927) Importer(815301076,1909f56bfc062723c751e8b465ee728b)
Start importing Assets/Models/Mapas/Wii U - Mario Kart 8 - DS Wario Stadium/dsws_staertgate_spm.png using Guid(ff22e56c89620554b9650db5252e1927) Importer(815301076,1909f56bfc062723c751e8b465ee728b)  -> (artifact id: '36ac717f3d93f3a34ad955bea1e212af') in 0.009736 seconds 
========================================================================
Received Import Request.
  Time since last request: 0.000021 seconds.
  path: Assets/Models/Mapas/Wii U - Mario Kart 8 - DS Wario Stadium/dsws_startglide_alb.png
  artifactKey: Guid(9352d2eaee9354c49ad820f7ea5fb393) Importer(815301076,1909f56bfc062723c751e8b465ee728b)
Start importing Assets/Models/Mapas/Wii U - Mario Kart 8 - DS Wario Stadium/dsws_startglide_alb.png using Guid(9352d2eaee9354c49ad820f7ea5fb393) Importer(815301076,1909f56bfc062723c751e8b465ee728b)  -> (artifact id: '9ef7c2cdaf58f699a1b572bdbba4fd4f') in 0.009191 seconds 
========================================================================
Received Import Request.
  Time since last request: 127.994111 seconds.
  path: Assets/Models/Mapas/Wii U - Mario Kart 8 - DS Wario Stadium/ef_dashboard02_alb.png
  artifactKey: Guid(0e0d2f10e86214347b78eb2f276b55b0) Importer(815301076,1909f56bfc062723c751e8b465ee728b)
Start importing Assets/Models/Mapas/Wii U - Mario Kart 8 - DS Wario Stadium/ef_dashboard02_alb.png using Guid(0e0d2f10e86214347b78eb2f276b55b0) Importer(815301076,1909f56bfc062723c751e8b465ee728b)  -> (artifact id: '95a829052da4dbb185ea99fa9bd72bfc') in 0.008727 seconds 
========================================================================
Received Import Request.
  Time since last request: 0.002528 seconds.
  path: Assets/Models/Mapas/Wii U - Mario Kart 8 - DS Wario Stadium/ef_glideboard02_alb.png
  artifactKey: Guid(73a8f47163b02f647bf6e1de51a77ad6) Importer(815301076,1909f56bfc062723c751e8b465ee728b)
Start importing Assets/Models/Mapas/Wii U - Mario Kart 8 - DS Wario Stadium/ef_glideboard02_alb.png using Guid(73a8f47163b02f647bf6e1de51a77ad6) Importer(815301076,1909f56bfc062723c751e8b465ee728b)  -> (artifact id: 'f8c84902b009f602c48e9c2533ac2e43') in 0.008049 seconds 
========================================================================
Received Import Request.
  Time since last request: 0.000017 seconds.
  path: Assets/Models/Mapas/Wii U - Mario Kart 8 - DS Wario Stadium/mktv.1.png
  artifactKey: Guid(3871a71d36d49da44bb04e75d53c119b) Importer(815301076,1909f56bfc062723c751e8b465ee728b)
Start importing Assets/Models/Mapas/Wii U - Mario Kart 8 - DS Wario Stadium/mktv.1.png using Guid(3871a71d36d49da44bb04e75d53c119b) Importer(815301076,1909f56bfc062723c751e8b465ee728b)  -> (artifact id: '90cb83671769349c58724b627ae91d46') in 0.009573 seconds 
========================================================================
Received Import Request.
  Time since last request: 0.000015 seconds.
  path: Assets/Models/Mapas/Wii U - Mario Kart 8 - DS Wario Stadium/ef_waterlineb_alb.png
  artifactKey: Guid(338835fc7a21c134db375889f513f765) Importer(815301076,1909f56bfc062723c751e8b465ee728b)
Start importing Assets/Models/Mapas/Wii U - Mario Kart 8 - DS Wario Stadium/ef_waterlineb_alb.png using Guid(338835fc7a21c134db375889f513f765) Importer(815301076,1909f56bfc062723c751e8b465ee728b)  -> (artifact id: '46bb8269402ceb7514acf3e6a8a7a266') in 0.010852 seconds 
========================================================================
Received Import Request.
  Time since last request: 0.000017 seconds.
  path: Assets/Models/Mapas/Wii U - Mario Kart 8 - DS Wario Stadium/mktv.8.png
  artifactKey: Guid(430dfea886dc48e45a9ff59dc9b31f33) Importer(815301076,1909f56bfc062723c751e8b465ee728b)
Start importing Assets/Models/Mapas/Wii U - Mario Kart 8 - DS Wario Stadium/mktv.8.png using Guid(430dfea886dc48e45a9ff59dc9b31f33) Importer(815301076,1909f56bfc062723c751e8b465ee728b)  -> (artifact id: '3770c758de8d89a8a208df96f01bbd58') in 0.008289 seconds 
========================================================================
Received Import Request.
  Time since last request: 0.000016 seconds.
  path: Assets/Models/Mapas/Wii U - Mario Kart 8 - DS Wario Stadium/mktv.9.png
  artifactKey: Guid(13647aff86742b54a926b8e95e890165) Importer(815301076,1909f56bfc062723c751e8b465ee728b)
Start importing Assets/Models/Mapas/Wii U - Mario Kart 8 - DS Wario Stadium/mktv.9.png using Guid(13647aff86742b54a926b8e95e890165) Importer(815301076,1909f56bfc062723c751e8b465ee728b)  -> (artifact id: 'ceb39602a501d9a07f506eb9a9f05c7b') in 0.009802 seconds 
========================================================================
Received Import Request.
  Time since last request: 0.000019 seconds.
  path: Assets/Models/Mapas/Wii U - Mario Kart 8 - DS Wario Stadium/mktv.13.png
  artifactKey: Guid(8863c28fc5fa07b418cc2eda8c4853e0) Importer(815301076,1909f56bfc062723c751e8b465ee728b)
Start importing Assets/Models/Mapas/Wii U - Mario Kart 8 - DS Wario Stadium/mktv.13.png using Guid(8863c28fc5fa07b418cc2eda8c4853e0) Importer(815301076,1909f56bfc062723c751e8b465ee728b)  -> (artifact id: '251a74bce1d46c1ad65deacaa3614532') in 0.008854 seconds 
========================================================================
Received Import Request.
  Time since last request: 0.000015 seconds.
  path: Assets/Models/Mapas/Wii U - Mario Kart 8 - DS Wario Stadium/mktv.21.png
  artifactKey: Guid(60cbd31bea605074eb45b8d19edea700) Importer(815301076,1909f56bfc062723c751e8b465ee728b)
Start importing Assets/Models/Mapas/Wii U - Mario Kart 8 - DS Wario Stadium/mktv.21.png using Guid(60cbd31bea605074eb45b8d19edea700) Importer(815301076,1909f56bfc062723c751e8b465ee728b)  -> (artifact id: 'caadd3985a82188b0c873f4e8c6ee430') in 0.007586 seconds 
========================================================================
Received Import Request.
  Time since last request: 0.000018 seconds.
  path: Assets/Models/Mapas/Wii U - Mario Kart 8 - DS Wario Stadium/mktv.17.png
  artifactKey: Guid(391a4024ec7804941853607d05bbe05a) Importer(815301076,1909f56bfc062723c751e8b465ee728b)
Start importing Assets/Models/Mapas/Wii U - Mario Kart 8 - DS Wario Stadium/mktv.17.png using Guid(391a4024ec7804941853607d05bbe05a) Importer(815301076,1909f56bfc062723c751e8b465ee728b)  -> (artifact id: '79a64a73211abb74e3ff6d665a85d973') in 0.007310 seconds 
========================================================================
Received Import Request.
  Time since last request: 0.000017 seconds.
  path: Assets/Models/Mapas/Wii U - Mario Kart 8 - DS Wario Stadium/mktv.18.png
  artifactKey: Guid(c49db5ecb5737d2439ed5ff5c19fcc48) Importer(815301076,1909f56bfc062723c751e8b465ee728b)
Start importing Assets/Models/Mapas/Wii U - Mario Kart 8 - DS Wario Stadium/mktv.18.png using Guid(c49db5ecb5737d2439ed5ff5c19fcc48) Importer(815301076,1909f56bfc062723c751e8b465ee728b)  -> (artifact id: '6c6c304d063cb18118edc9a34889850a') in 0.007575 seconds 
========================================================================
Received Import Request.
  Time since last request: 0.000028 seconds.
  path: Assets/Models/Mapas/Wii U - Mario Kart 8 - DS Wario Stadium/mktv.12.png
  artifactKey: Guid(5f6e2dfcee873a647b4aeb251758d1db) Importer(815301076,1909f56bfc062723c751e8b465ee728b)
Start importing Assets/Models/Mapas/Wii U - Mario Kart 8 - DS Wario Stadium/mktv.12.png using Guid(5f6e2dfcee873a647b4aeb251758d1db) Importer(815301076,1909f56bfc062723c751e8b465ee728b)  -> (artifact id: '37471553af62cd08ff6d2aa72328eb38') in 0.008216 seconds 
========================================================================
Received Import Request.
  Time since last request: 0.000011 seconds.
  path: Assets/Models/Mapas/Wii U - Mario Kart 8 - DS Wario Stadium/mktv.16.png
  artifactKey: Guid(9fe5d51572b2fe448a2db4c8a20f11c6) Importer(815301076,1909f56bfc062723c751e8b465ee728b)
Start importing Assets/Models/Mapas/Wii U - Mario Kart 8 - DS Wario Stadium/mktv.16.png using Guid(9fe5d51572b2fe448a2db4c8a20f11c6) Importer(815301076,1909f56bfc062723c751e8b465ee728b)  -> (artifact id: 'c2b1910790051ff56e3880ddcf914d45') in 0.008150 seconds 
========================================================================
Received Import Request.
  Time since last request: 0.000014 seconds.
  path: Assets/Models/Mapas/Wii U - Mario Kart 8 - DS Wario Stadium/mktv.4.png
  artifactKey: Guid(b81f4ba12f9745b48a2ff97806ebac92) Importer(815301076,1909f56bfc062723c751e8b465ee728b)
Start importing Assets/Models/Mapas/Wii U - Mario Kart 8 - DS Wario Stadium/mktv.4.png using Guid(b81f4ba12f9745b48a2ff97806ebac92) Importer(815301076,1909f56bfc062723c751e8b465ee728b)  -> (artifact id: '49ef11b1d3d0875a43d85f7ef7de75dd') in 0.008394 seconds 
========================================================================
Received Import Request.
  Time since last request: 0.000016 seconds.
  path: Assets/Models/Mapas/Wii U - Mario Kart 8 - DS Wario Stadium/mktv.24.png
  artifactKey: Guid(48d52e41e18551e4baed97b4bf55b32e) Importer(815301076,1909f56bfc062723c751e8b465ee728b)
Start importing Assets/Models/Mapas/Wii U - Mario Kart 8 - DS Wario Stadium/mktv.24.png using Guid(48d52e41e18551e4baed97b4bf55b32e) Importer(815301076,1909f56bfc062723c751e8b465ee728b)  -> (artifact id: '39db1ceed1f93958182e2776d7b61604') in 0.009343 seconds 
========================================================================
Received Import Request.
  Time since last request: 0.000031 seconds.
  path: Assets/Models/Mapas/Wii U - Mario Kart 8 - DS Wario Stadium/ef_waterlinec_alb.png
  artifactKey: Guid(5afed8410f05fe24790e9ac4921b94c6) Importer(815301076,1909f56bfc062723c751e8b465ee728b)
Start importing Assets/Models/Mapas/Wii U - Mario Kart 8 - DS Wario Stadium/ef_waterlinec_alb.png using Guid(5afed8410f05fe24790e9ac4921b94c6) Importer(815301076,1909f56bfc062723c751e8b465ee728b)  -> (artifact id: 'f58a239f0e32eb7abb86826656ec8c60') in 0.008834 seconds 
========================================================================
Received Import Request.
  Time since last request: 0.000022 seconds.
  path: Assets/Models/Mapas/Wii U - Mario Kart 8 - DS Wario Stadium/mktv.7.png
  artifactKey: Guid(f29ff4cad4c16f64c9a658974f9c0a82) Importer(815301076,1909f56bfc062723c751e8b465ee728b)
Start importing Assets/Models/Mapas/Wii U - Mario Kart 8 - DS Wario Stadium/mktv.7.png using Guid(f29ff4cad4c16f64c9a658974f9c0a82) Importer(815301076,1909f56bfc062723c751e8b465ee728b)  -> (artifact id: '237295caf4133a051dc51bf87e0bd605') in 0.007301 seconds 
========================================================================
Received Import Request.
  Time since last request: 0.000015 seconds.
  path: Assets/Models/Mapas/Wii U - Mario Kart 8 - DS Wario Stadium/ef_waterlinea_nrm.png
  artifactKey: Guid(90bb35aa936dbfa4f9990c6db8bea3e1) Importer(815301076,1909f56bfc062723c751e8b465ee728b)
Start importing Assets/Models/Mapas/Wii U - Mario Kart 8 - DS Wario Stadium/ef_waterlinea_nrm.png using Guid(90bb35aa936dbfa4f9990c6db8bea3e1) Importer(815301076,1909f56bfc062723c751e8b465ee728b)  -> (artifact id: 'd513263339111e2d1967f2425887fb64') in 0.008503 seconds 
========================================================================
Received Import Request.
  Time since last request: 0.000021 seconds.
  path: Assets/Models/Mapas/Wii U - Mario Kart 8 - DS Wario Stadium/ef_glideboard_nrm.png
  artifactKey: Guid(70cce7dc11fe242448d2d46754212a50) Importer(815301076,1909f56bfc062723c751e8b465ee728b)
Start importing Assets/Models/Mapas/Wii U - Mario Kart 8 - DS Wario Stadium/ef_glideboard_nrm.png using Guid(70cce7dc11fe242448d2d46754212a50) Importer(815301076,1909f56bfc062723c751e8b465ee728b)  -> (artifact id: 'd211fa4dc2e448983fe16c62b5980427') in 0.009243 seconds 
========================================================================
Received Import Request.
  Time since last request: 0.000015 seconds.
  path: Assets/Models/Mapas/Wii U - Mario Kart 8 - DS Wario Stadium/mktv.0.png
  artifactKey: Guid(5482cfc8dabd24b4fa8d634cb180c5ac) Importer(815301076,1909f56bfc062723c751e8b465ee728b)
Start importing Assets/Models/Mapas/Wii U - Mario Kart 8 - DS Wario Stadium/mktv.0.png using Guid(5482cfc8dabd24b4fa8d634cb180c5ac) Importer(815301076,1909f56bfc062723c751e8b465ee728b)  -> (artifact id: 'a6660df199ab3ad8758e3fc906a38ae8') in 0.008334 seconds 
========================================================================
Received Import Request.
  Time since last request: 0.000014 seconds.
  path: Assets/Models/Mapas/Wii U - Mario Kart 8 - DS Wario Stadium/mktv.5.png
  artifactKey: Guid(ee380116f8db3ac4ba1c7bf329e39c7c) Importer(815301076,1909f56bfc062723c751e8b465ee728b)
Start importing Assets/Models/Mapas/Wii U - Mario Kart 8 - DS Wario Stadium/mktv.5.png using Guid(ee380116f8db3ac4ba1c7bf329e39c7c) Importer(815301076,1909f56bfc062723c751e8b465ee728b)  -> (artifact id: 'b6e837e331debc50ab57178f8e4a35aa') in 0.007603 seconds 
========================================================================
Received Import Request.
  Time since last request: 0.000012 seconds.
  path: Assets/Models/Mapas/Wii U - Mario Kart 8 - DS Wario Stadium/mktv.11.png
  artifactKey: Guid(c7deeaf7bf9a312439690a7634150c75) Importer(815301076,1909f56bfc062723c751e8b465ee728b)
Start importing Assets/Models/Mapas/Wii U - Mario Kart 8 - DS Wario Stadium/mktv.11.png using Guid(c7deeaf7bf9a312439690a7634150c75) Importer(815301076,1909f56bfc062723c751e8b465ee728b)  -> (artifact id: '59d2221330b68557f5a939cdaafb6668') in 0.008421 seconds 
========================================================================
Received Import Request.
  Time since last request: 0.000015 seconds.
  path: Assets/Models/Mapas/Wii U - Mario Kart 8 - DS Wario Stadium/mktv.20.png
  artifactKey: Guid(c431aba5429d9184a9ab11742166235d) Importer(815301076,1909f56bfc062723c751e8b465ee728b)
Start importing Assets/Models/Mapas/Wii U - Mario Kart 8 - DS Wario Stadium/mktv.20.png using Guid(c431aba5429d9184a9ab11742166235d) Importer(815301076,1909f56bfc062723c751e8b465ee728b)  -> (artifact id: '4e3ba6c658c9946d3865c69009d6c025') in 0.007982 seconds 
========================================================================
Received Import Request.
  Time since last request: 0.267375 seconds.
  path: Assets/Models/Mapas/Wii U - Mario Kart 8 - DS Wario Stadium/mktv.30.png
  artifactKey: Guid(c28beebdc4cf6574181648cf6ffaedd7) Importer(815301076,1909f56bfc062723c751e8b465ee728b)
Start importing Assets/Models/Mapas/Wii U - Mario Kart 8 - DS Wario Stadium/mktv.30.png using Guid(c28beebdc4cf6574181648cf6ffaedd7) Importer(815301076,1909f56bfc062723c751e8b465ee728b)  -> (artifact id: 'efb4d1a338150073eb3d00ad076af738') in 0.008021 seconds 
========================================================================
Received Import Request.
  Time since last request: 0.000020 seconds.
  path: Assets/Models/Mapas/Wii U - Mario Kart 8 - DS Wario Stadium/mktv.35.png
  artifactKey: Guid(3c82a4ebb3c878b42a4c2ff554e4a7f3) Importer(815301076,1909f56bfc062723c751e8b465ee728b)
Start importing Assets/Models/Mapas/Wii U - Mario Kart 8 - DS Wario Stadium/mktv.35.png using Guid(3c82a4ebb3c878b42a4c2ff554e4a7f3) Importer(815301076,1909f56bfc062723c751e8b465ee728b)  -> (artifact id: 'f0d68d2f2a9f065fb2c48734d0f71884') in 0.009011 seconds 
========================================================================
Received Import Request.
  Time since last request: 0.000024 seconds.
  path: Assets/Models/Mapas/Wii U - Mario Kart 8 - DS Wario Stadium/mktv.38.png
  artifactKey: Guid(216fcf79b54119f4f915bc167c194894) Importer(815301076,1909f56bfc062723c751e8b465ee728b)
Start importing Assets/Models/Mapas/Wii U - Mario Kart 8 - DS Wario Stadium/mktv.38.png using Guid(216fcf79b54119f4f915bc167c194894) Importer(815301076,1909f56bfc062723c751e8b465ee728b)  -> (artifact id: 'e51fac22a42ea68d39d9f555e304fc62') in 0.008285 seconds 
========================================================================
Received Import Request.
  Time since last request: 0.000023 seconds.
  path: Assets/Models/Mapas/Wii U - Mario Kart 8 - DS Wario Stadium/mktv.34.png
  artifactKey: Guid(3fc10f09c69aa014b911fb569771a333) Importer(815301076,1909f56bfc062723c751e8b465ee728b)
Start importing Assets/Models/Mapas/Wii U - Mario Kart 8 - DS Wario Stadium/mktv.34.png using Guid(3fc10f09c69aa014b911fb569771a333) Importer(815301076,1909f56bfc062723c751e8b465ee728b)  -> (artifact id: '4ae13107224bce736c19e13b6f0333b9') in 0.009863 seconds 
========================================================================
Received Import Request.
  Time since last request: 0.000018 seconds.
  path: Assets/Models/Mapas/Wii U - Mario Kart 8 - DS Wario Stadium/mktv.45.png
  artifactKey: Guid(7153aa2054e68c44e916e6337d0a66d0) Importer(815301076,1909f56bfc062723c751e8b465ee728b)
Start importing Assets/Models/Mapas/Wii U - Mario Kart 8 - DS Wario Stadium/mktv.45.png using Guid(7153aa2054e68c44e916e6337d0a66d0) Importer(815301076,1909f56bfc062723c751e8b465ee728b)  -> (artifact id: 'd1724bb041cdded713d4058c21708488') in 0.009484 seconds 
========================================================================
Received Import Request.
  Time since last request: 0.000020 seconds.
  path: Assets/Models/Mapas/Wii U - Mario Kart 8 - DS Wario Stadium/mktv.50.png
  artifactKey: Guid(db341116274ba2e409331e9092956237) Importer(815301076,1909f56bfc062723c751e8b465ee728b)
Start importing Assets/Models/Mapas/Wii U - Mario Kart 8 - DS Wario Stadium/mktv.50.png using Guid(db341116274ba2e409331e9092956237) Importer(815301076,1909f56bfc062723c751e8b465ee728b)  -> (artifact id: 'bb5cb3a381aecc411c45bdb219ef9703') in 0.008590 seconds 
========================================================================
Received Import Request.
  Time since last request: 0.000021 seconds.
  path: Assets/Models/Mapas/Wii U - Mario Kart 8 - DS Wario Stadium/mktv.39.png
  artifactKey: Guid(b44bd28520c4abc4bbcfbb45ad90a071) Importer(815301076,1909f56bfc062723c751e8b465ee728b)
Start importing Assets/Models/Mapas/Wii U - Mario Kart 8 - DS Wario Stadium/mktv.39.png using Guid(b44bd28520c4abc4bbcfbb45ad90a071) Importer(815301076,1909f56bfc062723c751e8b465ee728b)  -> (artifact id: 'de8e21ed97d194839d11b847edc2a2d4') in 0.009201 seconds 
========================================================================
Received Import Request.
  Time since last request: 0.000022 seconds.
  path: Assets/Models/Mapas/Wii U - Mario Kart 8 - DS Wario Stadium/mktv.43.png
  artifactKey: Guid(ae9cab3e761aa2d499a8a1f6b364d048) Importer(815301076,1909f56bfc062723c751e8b465ee728b)
Start importing Assets/Models/Mapas/Wii U - Mario Kart 8 - DS Wario Stadium/mktv.43.png using Guid(ae9cab3e761aa2d499a8a1f6b364d048) Importer(815301076,1909f56bfc062723c751e8b465ee728b)  -> (artifact id: '5b2e38db45aec2af3fd866238f2b3ade') in 0.008498 seconds 
========================================================================
Received Import Request.
  Time since last request: 0.000015 seconds.
  path: Assets/Models/Mapas/Wii U - Mario Kart 8 - DS Wario Stadium/mktv.46.png
  artifactKey: Guid(40cbe900a913bf64793e1e45e65444e6) Importer(815301076,1909f56bfc062723c751e8b465ee728b)
Start importing Assets/Models/Mapas/Wii U - Mario Kart 8 - DS Wario Stadium/mktv.46.png using Guid(40cbe900a913bf64793e1e45e65444e6) Importer(815301076,1909f56bfc062723c751e8b465ee728b)  -> (artifact id: 'd158c9bfa082e9d239dd1d1c3f189a03') in 0.008228 seconds 
========================================================================
Received Import Request.
  Time since last request: 0.000025 seconds.
  path: Assets/Models/Mapas/Wii U - Mario Kart 8 - DS Wario Stadium/mktv.47.png
  artifactKey: Guid(94d0f44e91558bf40b418410c41db96c) Importer(815301076,1909f56bfc062723c751e8b465ee728b)
Start importing Assets/Models/Mapas/Wii U - Mario Kart 8 - DS Wario Stadium/mktv.47.png using Guid(94d0f44e91558bf40b418410c41db96c) Importer(815301076,1909f56bfc062723c751e8b465ee728b)  -> (artifact id: 'fb68b237a3e922a8d1b49201291d513f') in 0.008573 seconds 
========================================================================
Received Import Request.
  Time since last request: 0.000031 seconds.
  path: Assets/Models/Mapas/Wii U - Mario Kart 8 - DS Wario Stadium/mktv.33.png
  artifactKey: Guid(6b9920ddc0506b34d9be5d3ef276a53b) Importer(815301076,1909f56bfc062723c751e8b465ee728b)
Start importing Assets/Models/Mapas/Wii U - Mario Kart 8 - DS Wario Stadium/mktv.33.png using Guid(6b9920ddc0506b34d9be5d3ef276a53b) Importer(815301076,1909f56bfc062723c751e8b465ee728b)  -> (artifact id: 'a2b529665275dce3d2db68776e9e8ed7') in 0.009313 seconds 
========================================================================
Received Import Request.
  Time since last request: 0.361424 seconds.
  path: Assets/Models/Mapas/Wii U - Mario Kart 8 - DS Wario Stadium/mktv.52.png
  artifactKey: Guid(afc399c19b780c744925d23e03958cc4) Importer(815301076,1909f56bfc062723c751e8b465ee728b)
Start importing Assets/Models/Mapas/Wii U - Mario Kart 8 - DS Wario Stadium/mktv.52.png using Guid(afc399c19b780c744925d23e03958cc4) Importer(815301076,1909f56bfc062723c751e8b465ee728b)  -> (artifact id: 'afbec0a842dfbf613385d4799cdabd31') in 0.008985 seconds 
========================================================================
Received Import Request.
  Time since last request: 0.000014 seconds.
  path: Assets/Models/Mapas/Wii U - Mario Kart 8 - DS Wario Stadium/mktv.53.png
  artifactKey: Guid(07532f13810d2d64da2d4f954b5458b0) Importer(815301076,1909f56bfc062723c751e8b465ee728b)
Start importing Assets/Models/Mapas/Wii U - Mario Kart 8 - DS Wario Stadium/mktv.53.png using Guid(07532f13810d2d64da2d4f954b5458b0) Importer(815301076,1909f56bfc062723c751e8b465ee728b)  -> (artifact id: '5c04b35c04428d4ebc15c2bc84498cea') in 0.009382 seconds 
========================================================================
Received Import Request.
  Time since last request: 0.000015 seconds.
  path: Assets/Models/Mapas/Wii U - Mario Kart 8 - DS Wario Stadium/ufc_tent_spm.png
  artifactKey: Guid(724698292b161504ab3f1fcfb887674a) Importer(815301076,1909f56bfc062723c751e8b465ee728b)
Start importing Assets/Models/Mapas/Wii U - Mario Kart 8 - DS Wario Stadium/ufc_tent_spm.png using Guid(724698292b161504ab3f1fcfb887674a) Importer(815301076,1909f56bfc062723c751e8b465ee728b)  -> (artifact id: 'e7df1af02d53ed0883e956b601f95565') in 0.011453 seconds 
========================================================================
Received Import Request.
  Time since last request: 0.000017 seconds.
  path: Assets/Models/Mapas/Wii U - Mario Kart 8 - DS Wario Stadium/ufc_tent_alb.png
  artifactKey: Guid(4b8c0bfc82fb0864e8532ec6c2d499c4) Importer(815301076,1909f56bfc062723c751e8b465ee728b)
Start importing Assets/Models/Mapas/Wii U - Mario Kart 8 - DS Wario Stadium/ufc_tent_alb.png using Guid(4b8c0bfc82fb0864e8532ec6c2d499c4) Importer(815301076,1909f56bfc062723c751e8b465ee728b)  -> (artifact id: '45571796fa596c85d1cbac54bc19741c') in 0.009407 seconds 
========================================================================
Received Import Request.
  Time since last request: 0.000018 seconds.
  path: Assets/Models/Mapas/Wii U - Mario Kart 8 - DS Wario Stadium/screen_dummy.png
  artifactKey: Guid(e4941155c25c6a04382879a6b81853c1) Importer(815301076,1909f56bfc062723c751e8b465ee728b)
Start importing Assets/Models/Mapas/Wii U - Mario Kart 8 - DS Wario Stadium/screen_dummy.png using Guid(e4941155c25c6a04382879a6b81853c1) Importer(815301076,1909f56bfc062723c751e8b465ee728b)  -> (artifact id: 'd30663590fff2603d23fc10431960b96') in 0.008696 seconds 
========================================================================
Received Import Request.
  Time since last request: 0.000020 seconds.
  path: Assets/Models/Mapas/Wii U - Mario Kart 8 - DS Wario Stadium/tv_pixel2_alb.png
  artifactKey: Guid(db6c08c7e27d2e8429101475d3e4f60d) Importer(815301076,1909f56bfc062723c751e8b465ee728b)
Start importing Assets/Models/Mapas/Wii U - Mario Kart 8 - DS Wario Stadium/tv_pixel2_alb.png using Guid(db6c08c7e27d2e8429101475d3e4f60d) Importer(815301076,1909f56bfc062723c751e8b465ee728b)  -> (artifact id: '12e08f0ab0e0c9ade2f94235e7360a57') in 0.008634 seconds 
========================================================================
Received Import Request.
  Time since last request: 5.984478 seconds.
  path: Assets/Models/Mapas/Wii U - Mario Kart 8 - DS Wario Stadium/Materials/dsws_ry_road00m_nrm.mat
  artifactKey: Guid(aa1b4a61ca88ce84fb52d6d827a8fd8c) Importer(815301076,1909f56bfc062723c751e8b465ee728b)
Start importing Assets/Models/Mapas/Wii U - Mario Kart 8 - DS Wario Stadium/Materials/dsws_ry_road00m_nrm.mat using Guid(aa1b4a61ca88ce84fb52d6d827a8fd8c) Importer(815301076,1909f56bfc062723c751e8b465ee728b)  -> (artifact id: '66aa5f0fae91bb55927d9acbee960b16') in 0.008535 seconds 
Editor requested this worker to shutdown with reason: Scaling down because of idle timeout
AssetImportWorker is now disconnected from the server
Process exiting
Exiting without the bug reporter. Application will terminate with return code 0