Using pre-set license
Built from '2021.3/staging' branch; Version is '2021.3.25f1 (68ef2c4f8861) revision 6876972'; Using compiler version '192829333'; Build Type 'Release'
OS: 'Windows 11  (10.0.22621) 64bit Professional' Language: 'es' Physical Memory: 16253 MB
BatchMode: 1, IsHumanControllingUs: 0, StartBugReporterOnCrash: 0, Is64bit: 1, IsPro: 1

COMMAND LINE ARGUMENTS:
C:\Program Files\Unity\Hub\Editor\2021.3.25f1\Editor\Unity.exe
-adb2
-batchMode
-noUpm
-name
AssetImportWorker3
-projectPath
C:/Users/tosty/Documents/Proyectos de Unity/KartPC/Mario_Kart_PC
-logFile
Logs/AssetImportWorker3.log
-srvPort
52278
Successfully changed project path to: C:/Users/tosty/Documents/Proyectos de Unity/KartPC/Mario_Kart_PC
C:/Users/tosty/Documents/Proyectos de Unity/KartPC/Mario_Kart_PC
[UnityMemory] Configuration Parameters - Can be set up in boot.config
    "memorysetup-bucket-allocator-granularity=16"
    "memorysetup-bucket-allocator-bucket-count=8"
    "memorysetup-bucket-allocator-block-size=33554432"
    "memorysetup-bucket-allocator-block-count=8"
    "memorysetup-main-allocator-block-size=16777216"
    "memorysetup-thread-allocator-block-size=16777216"
    "memorysetup-gfx-main-allocator-block-size=16777216"
    "memorysetup-gfx-thread-allocator-block-size=16777216"
    "memorysetup-cache-allocator-block-size=4194304"
    "memorysetup-typetree-allocator-block-size=2097152"
    "memorysetup-profiler-bucket-allocator-granularity=16"
    "memorysetup-profiler-bucket-allocator-bucket-count=8"
    "memorysetup-profiler-bucket-allocator-block-size=33554432"
    "memorysetup-profiler-bucket-allocator-block-count=8"
    "memorysetup-profiler-allocator-block-size=16777216"
    "memorysetup-profiler-editor-allocator-block-size=1048576"
    "memorysetup-temp-allocator-size-main=16777216"
    "memorysetup-job-temp-allocator-block-size=2097152"
    "memorysetup-job-temp-allocator-block-size-background=1048576"
    "memorysetup-job-temp-allocator-reduction-small-platforms=262144"
    "memorysetup-temp-allocator-size-background-worker=32768"
    "memorysetup-temp-allocator-size-job-worker=262144"
    "memorysetup-temp-allocator-size-preload-manager=33554432"
    "memorysetup-temp-allocator-size-nav-mesh-worker=65536"
    "memorysetup-temp-allocator-size-audio-worker=65536"
    "memorysetup-temp-allocator-size-cloud-worker=32768"
    "memorysetup-temp-allocator-size-gi-baking-worker=262144"
    "memorysetup-temp-allocator-size-gfx=262144"
Player connection [144952] Host "[IP] 192.168.85.84 [Port] 0 [Flags] 2 [Guid] 3641318685 [EditorId] 3641318685 [Version] 1048832 [Id] WindowsEditor(7,PC_de_Juan) [Debug] 1 [PackageName] WindowsEditor [ProjectName] Editor" joined multi-casting on [225.0.0.222:54997]...

Player connection [144952] Host "[IP] 192.168.85.84 [Port] 0 [Flags] 2 [Guid] 3641318685 [EditorId] 3641318685 [Version] 1048832 [Id] WindowsEditor(7,PC_de_Juan) [Debug] 1 [PackageName] WindowsEditor [ProjectName] Editor" joined alternative multi-casting on [225.0.0.222:34997]...

Refreshing native plugins compatible for Editor in 64.18 ms, found 3 plugins.
Preloading 0 native plugins for Editor in 0.00 ms.
Initialize engine version: 2021.3.25f1 (68ef2c4f8861)
[Subsystems] Discovering subsystems at path C:/Program Files/Unity/Hub/Editor/2021.3.25f1/Editor/Data/Resources/UnitySubsystems
[Subsystems] Discovering subsystems at path C:/Users/tosty/Documents/Proyectos de Unity/KartPC/Mario_Kart_PC/Assets
GfxDevice: creating device client; threaded=0; jobified=0
Direct3D:
    Version:  Direct3D 11.0 [level 11.1]
    Renderer: NVIDIA GeForce RTX 3080 (ID=0x2206)
    Vendor:   NVIDIA
    VRAM:     10067 MB
    Driver:   31.0.15.3179
Initialize mono
Mono path[0] = 'C:/Program Files/Unity/Hub/Editor/2021.3.25f1/Editor/Data/Managed'
Mono path[1] = 'C:/Program Files/Unity/Hub/Editor/2021.3.25f1/Editor/Data/MonoBleedingEdge/lib/mono/unityjit-win32'
Mono config path = 'C:/Program Files/Unity/Hub/Editor/2021.3.25f1/Editor/Data/MonoBleedingEdge/etc'
Using monoOptions --debugger-agent=transport=dt_socket,embedding=1,server=y,suspend=n,address=127.0.0.1:56644
Begin MonoManager ReloadAssembly
Registering precompiled unity dll's ...
Register platform support module: C:/Program Files/Unity/Hub/Editor/2021.3.25f1/Editor/Data/PlaybackEngines/WebGLSupport/UnityEditor.WebGL.Extensions.dll
Register platform support module: C:/Program Files/Unity/Hub/Editor/2021.3.25f1/Editor/Data/PlaybackEngines/AndroidPlayer/UnityEditor.Android.Extensions.dll
Register platform support module: C:/Program Files/Unity/Hub/Editor/2021.3.25f1/Editor/Data/PlaybackEngines/WindowsStandaloneSupport/UnityEditor.WindowsStandalone.Extensions.dll
Register platform support module: C:/Program Files/Unity/Hub/Editor/2021.3.25f1/Editor/Data/PlaybackEngines/MetroSupport/UnityEditor.UWP.Extensions.dll
Registered in 0.005307 seconds.
Native extension for UWP target not found
Native extension for WindowsStandalone target not found
Native extension for Android target not found
Android Extension - Scanning For ADB Devices 249 ms
Native extension for WebGL target not found
Refreshing native plugins compatible for Editor in 51.69 ms, found 3 plugins.
Preloading 0 native plugins for Editor in 0.00 ms.
Mono: successfully reloaded assembly
- Completed reload, in  0.797 seconds
Domain Reload Profiling:
	ReloadAssembly (797ms)
		BeginReloadAssembly (67ms)
			ExecutionOrderSort (0ms)
			DisableScriptedObjects (0ms)
			BackupInstance (0ms)
			ReleaseScriptingObjects (0ms)
			CreateAndSetChildDomain (0ms)
		EndReloadAssembly (649ms)
			LoadAssemblies (67ms)
			RebuildTransferFunctionScriptingTraits (0ms)
			SetupTypeCache (101ms)
			ReleaseScriptCaches (0ms)
			RebuildScriptCaches (25ms)
			SetupLoadedEditorAssemblies (484ms)
				LogAssemblyErrors (0ms)
				InitializePlatformSupportModulesInManaged (338ms)
				SetLoadedEditorAssemblies (0ms)
				RefreshPlugins (52ms)
				BeforeProcessingInitializeOnLoad (1ms)
				ProcessInitializeOnLoadAttributes (60ms)
				ProcessInitializeOnLoadMethodAttributes (33ms)
				AfterProcessingInitializeOnLoad (0ms)
				EditorAssembliesLoaded (0ms)
			ExecutionOrderSort2 (0ms)
			AwakeInstancesAfterBackupRestoration (0ms)
Platform modules already initialized, skipping
Registering precompiled user dll's ...
Registered in 0.004216 seconds.
Begin MonoManager ReloadAssembly
Symbol file LoadedFromMemory doesn't match image C:\Users\tosty\Documents\Proyectos de Unity\KartPC\Mario_Kart_PC\Library\PackageCache\com.unity.visualscripting@1.8.0\Editor\VisualScripting.Core\Dependencies\YamlDotNet\Unity.VisualScripting.YamlDotNet.dll
Symbol file LoadedFromMemory doesn't match image C:\Users\tosty\Documents\Proyectos de Unity\KartPC\Mario_Kart_PC\Library\PackageCache\com.unity.visualscripting@1.8.0\Editor\VisualScripting.Core\Dependencies\DotNetZip\Unity.VisualScripting.IonicZip.dll
Native extension for UWP target not found
Native extension for WindowsStandalone target not found
Native extension for Android target not found
Native extension for WebGL target not found
Refreshing native plugins compatible for Editor in 0.32 ms, found 3 plugins.
Preloading 0 native plugins for Editor in 0.00 ms.
Mono: successfully reloaded assembly
- Completed reload, in  0.699 seconds
Domain Reload Profiling:
	ReloadAssembly (700ms)
		BeginReloadAssembly (72ms)
			ExecutionOrderSort (0ms)
			DisableScriptedObjects (4ms)
			BackupInstance (0ms)
			ReleaseScriptingObjects (0ms)
			CreateAndSetChildDomain (12ms)
		EndReloadAssembly (552ms)
			LoadAssemblies (56ms)
			RebuildTransferFunctionScriptingTraits (0ms)
			SetupTypeCache (192ms)
			ReleaseScriptCaches (0ms)
			RebuildScriptCaches (32ms)
			SetupLoadedEditorAssemblies (236ms)
				LogAssemblyErrors (0ms)
				InitializePlatformSupportModulesInManaged (15ms)
				SetLoadedEditorAssemblies (0ms)
				RefreshPlugins (0ms)
				BeforeProcessingInitializeOnLoad (58ms)
				ProcessInitializeOnLoadAttributes (145ms)
				ProcessInitializeOnLoadMethodAttributes (13ms)
				AfterProcessingInitializeOnLoad (4ms)
				EditorAssembliesLoaded (0ms)
			ExecutionOrderSort2 (0ms)
			AwakeInstancesAfterBackupRestoration (4ms)
Platform modules already initialized, skipping
========================================================================
Worker process is ready to serve import requests
Launched and connected shader compiler UnityShaderCompiler.exe after 0.03 seconds
Refreshing native plugins compatible for Editor in 0.58 ms, found 3 plugins.
Preloading 0 native plugins for Editor in 0.00 ms.
Unloading 3051 Unused Serialized files (Serialized files now loaded: 0)
Unloading 24 unused Assets / (341.3 KB). Loaded Objects now: 3514.
Memory consumption went from 112.7 MB to 112.4 MB.
Total: 1.734600 ms (FindLiveObjects: 0.183900 ms CreateObjectMapping: 0.073200 ms MarkObjects: 1.413200 ms  DeleteObjects: 0.063700 ms)

AssetImportParameters requested are different than current active one (requested -> active):
  custom:video-decoder-ogg-theora: a1e56fd34408186e4bbccfd4996cb3dc -> 
  custom:container-muxer-webm: aa71ff27fc2769a1b78a27578f13a17b -> 
  custom:container-demuxer-webm: 4f35f7cbe854078d1ac9338744f61a02 -> 
  custom:video-encoder-webm-vp8: eb34c28f22e8b96e1ab97ce403110664 -> 
  custom:audio-encoder-webm-vorbis: bf7c407c2cedff20999df2af8eb42d56 -> 
  custom:framework-win-MediaFoundation: 216162199b28c13a410421893ffa2e32 -> 
  custom:container-demuxer-ogg: 62fdf1f143b41e24485cea50d1cbac27 -> 
  custom:video-decoder-webm-vp8: 9c59270c3fd7afecdb556c50c9e8de78 -> 
  custom:audio-decoder-ogg-vorbis: bf7c407c2cedff20999df2af8eb42d56 -> 
========================================================================
Received Import Request.
  Time since last request: 38974.190903 seconds.
  path: Assets/Models/Mapas/Wii U - Mario Kart 8 - DS Wario Stadium/dsws_ry_wind04_alb.png
  artifactKey: Guid(b111c6682a6ecdb4b9e3a47a1e582782) Importer(815301076,1909f56bfc062723c751e8b465ee728b)
Start importing Assets/Models/Mapas/Wii U - Mario Kart 8 - DS Wario Stadium/dsws_ry_wind04_alb.png using Guid(b111c6682a6ecdb4b9e3a47a1e582782) Importer(815301076,1909f56bfc062723c751e8b465ee728b)  -> (artifact id: 'f4efb46260b1eb7d30dc9100e18b9b16') in 0.071010 seconds 
========================================================================
Received Import Request.
  Time since last request: 0.000026 seconds.
  path: Assets/Models/Mapas/Wii U - Mario Kart 8 - DS Wario Stadium/dsws_staertgate_spm.png
  artifactKey: Guid(571f8e7745877ae48bd2050fb6ee2e07) Importer(815301076,1909f56bfc062723c751e8b465ee728b)
Start importing Assets/Models/Mapas/Wii U - Mario Kart 8 - DS Wario Stadium/dsws_staertgate_spm.png using Guid(571f8e7745877ae48bd2050fb6ee2e07) Importer(815301076,1909f56bfc062723c751e8b465ee728b)  -> (artifact id: 'd5e8d6affa097e5b2397afb89f0cacff') in 0.010684 seconds 
========================================================================
Received Import Request.
  Time since last request: 0.000024 seconds.
  path: Assets/Models/Mapas/Wii U - Mario Kart 8 - DS Wario Stadium/dsws_startglide_spm.png
  artifactKey: Guid(c6980f4aefe8c0a4984660d63e344dd4) Importer(815301076,1909f56bfc062723c751e8b465ee728b)
Start importing Assets/Models/Mapas/Wii U - Mario Kart 8 - DS Wario Stadium/dsws_startglide_spm.png using Guid(c6980f4aefe8c0a4984660d63e344dd4) Importer(815301076,1909f56bfc062723c751e8b465ee728b)  -> (artifact id: '517fa08bed24e05937953e900bcd707e') in 0.010970 seconds 
========================================================================
Received Import Request.
  Time since last request: 0.364072 seconds.
  path: Assets/Models/Mapas/Wii U - Mario Kart 8 - DS Wario Stadium/ef_glideboard01_alb.png
  artifactKey: Guid(e1f1fc52367c065449bef2bb3faff0f5) Importer(815301076,1909f56bfc062723c751e8b465ee728b)
Start importing Assets/Models/Mapas/Wii U - Mario Kart 8 - DS Wario Stadium/ef_glideboard01_alb.png using Guid(e1f1fc52367c065449bef2bb3faff0f5) Importer(815301076,1909f56bfc062723c751e8b465ee728b)  -> (artifact id: '058f8ab36c2a4b12788fdfb98bd9e579') in 0.009061 seconds 
========================================================================
Received Import Request.
  Time since last request: 0.000013 seconds.
  path: Assets/Models/Mapas/Wii U - Mario Kart 8 - DS Wario Stadium/mktv.6.png
  artifactKey: Guid(97b81f58f62a7d249acd8c73832c57a4) Importer(815301076,1909f56bfc062723c751e8b465ee728b)
Start importing Assets/Models/Mapas/Wii U - Mario Kart 8 - DS Wario Stadium/mktv.6.png using Guid(97b81f58f62a7d249acd8c73832c57a4) Importer(815301076,1909f56bfc062723c751e8b465ee728b)  -> (artifact id: '7cbf5dcf7509d81b83c9e457855125e6') in 0.009576 seconds 
========================================================================
Received Import Request.
  Time since last request: 0.000018 seconds.
  path: Assets/Models/Mapas/Wii U - Mario Kart 8 - DS Wario Stadium/ef_gravitypanell_alb3.png
  artifactKey: Guid(b924d8f92478837449e6d45b47a2c034) Importer(815301076,1909f56bfc062723c751e8b465ee728b)
Start importing Assets/Models/Mapas/Wii U - Mario Kart 8 - DS Wario Stadium/ef_gravitypanell_alb3.png using Guid(b924d8f92478837449e6d45b47a2c034) Importer(815301076,1909f56bfc062723c751e8b465ee728b)  -> (artifact id: '369d09324351c1233551ca7053da9159') in 0.009484 seconds 
========================================================================
Received Import Request.
  Time since last request: 0.000027 seconds.
  path: Assets/Models/Mapas/Wii U - Mario Kart 8 - DS Wario Stadium/mktv.15.png
  artifactKey: Guid(0bf27fc5ae6c6604cbbeb38165577c81) Importer(815301076,1909f56bfc062723c751e8b465ee728b)
Start importing Assets/Models/Mapas/Wii U - Mario Kart 8 - DS Wario Stadium/mktv.15.png using Guid(0bf27fc5ae6c6604cbbeb38165577c81) Importer(815301076,1909f56bfc062723c751e8b465ee728b)  -> (artifact id: '400a4434e49d197440f5ff52a75eebb5') in 0.010944 seconds 
========================================================================
Received Import Request.
  Time since last request: 0.000021 seconds.
  path: Assets/Models/Mapas/Wii U - Mario Kart 8 - DS Wario Stadium/mktv.9.png
  artifactKey: Guid(949f8f9c18cba89468c216a5516577c8) Importer(815301076,1909f56bfc062723c751e8b465ee728b)
Start importing Assets/Models/Mapas/Wii U - Mario Kart 8 - DS Wario Stadium/mktv.9.png using Guid(949f8f9c18cba89468c216a5516577c8) Importer(815301076,1909f56bfc062723c751e8b465ee728b)  -> (artifact id: '32cf00352e6098053bdfc017ae21321a') in 0.008394 seconds 
========================================================================
Received Import Request.
  Time since last request: 0.000015 seconds.
  path: Assets/Models/Mapas/Wii U - Mario Kart 8 - DS Wario Stadium/ef_water_nrm.png
  artifactKey: Guid(db1eed06c3820df4f85b0c8a6751ef6c) Importer(815301076,1909f56bfc062723c751e8b465ee728b)
Start importing Assets/Models/Mapas/Wii U - Mario Kart 8 - DS Wario Stadium/ef_water_nrm.png using Guid(db1eed06c3820df4f85b0c8a6751ef6c) Importer(815301076,1909f56bfc062723c751e8b465ee728b)  -> (artifact id: '85453b0ff597038794c541ed688a4510') in 0.010535 seconds 
========================================================================
Received Import Request.
  Time since last request: 0.000015 seconds.
  path: Assets/Models/Mapas/Wii U - Mario Kart 8 - DS Wario Stadium/ef_glideboard02_alb.png
  artifactKey: Guid(d5894af0c0ee59649bdec4c1aa7d9109) Importer(815301076,1909f56bfc062723c751e8b465ee728b)
Start importing Assets/Models/Mapas/Wii U - Mario Kart 8 - DS Wario Stadium/ef_glideboard02_alb.png using Guid(d5894af0c0ee59649bdec4c1aa7d9109) Importer(815301076,1909f56bfc062723c751e8b465ee728b)  -> (artifact id: 'bf758f4fb863b7987790c1f6e4a7c960') in 0.009588 seconds 
========================================================================
Received Import Request.
  Time since last request: 0.000014 seconds.
  path: Assets/Models/Mapas/Wii U - Mario Kart 8 - DS Wario Stadium/ef_waterlinea_alb.png
  artifactKey: Guid(0563595e9d3d62f4087200a1b4850ae8) Importer(815301076,1909f56bfc062723c751e8b465ee728b)
Start importing Assets/Models/Mapas/Wii U - Mario Kart 8 - DS Wario Stadium/ef_waterlinea_alb.png using Guid(0563595e9d3d62f4087200a1b4850ae8) Importer(815301076,1909f56bfc062723c751e8b465ee728b)  -> (artifact id: '8a3c92a9df7271bcaa7bf803f7c6db5b') in 0.010772 seconds 
========================================================================
Received Import Request.
  Time since last request: 0.000016 seconds.
  path: Assets/Models/Mapas/Wii U - Mario Kart 8 - DS Wario Stadium/mktv.43.png
  artifactKey: Guid(8305249101239924da8a9d4b43b3bad2) Importer(815301076,1909f56bfc062723c751e8b465ee728b)
Start importing Assets/Models/Mapas/Wii U - Mario Kart 8 - DS Wario Stadium/mktv.43.png using Guid(8305249101239924da8a9d4b43b3bad2) Importer(815301076,1909f56bfc062723c751e8b465ee728b)  -> (artifact id: 'ff10a4e3e87f900a4839374ed03354e0') in 0.009826 seconds 
========================================================================
Received Import Request.
  Time since last request: 0.000016 seconds.
  path: Assets/Models/Mapas/Wii U - Mario Kart 8 - DS Wario Stadium/mktv.40.png
  artifactKey: Guid(6c238c4934cae394e977bf4d6495986c) Importer(815301076,1909f56bfc062723c751e8b465ee728b)
Start importing Assets/Models/Mapas/Wii U - Mario Kart 8 - DS Wario Stadium/mktv.40.png using Guid(6c238c4934cae394e977bf4d6495986c) Importer(815301076,1909f56bfc062723c751e8b465ee728b)  -> (artifact id: '435791d4cffec2f9529a77c89acb6234') in 0.008284 seconds 
========================================================================
Received Import Request.
  Time since last request: 0.000014 seconds.
  path: Assets/Models/Mapas/Wii U - Mario Kart 8 - DS Wario Stadium/mktv.39.png
  artifactKey: Guid(885b540b9bc3a2f4eb04c492b14d7a6f) Importer(815301076,1909f56bfc062723c751e8b465ee728b)
Start importing Assets/Models/Mapas/Wii U - Mario Kart 8 - DS Wario Stadium/mktv.39.png using Guid(885b540b9bc3a2f4eb04c492b14d7a6f) Importer(815301076,1909f56bfc062723c751e8b465ee728b)  -> (artifact id: 'e609f089eb0917a3ef94c678b04abe0f') in 0.010071 seconds 
========================================================================
Received Import Request.
  Time since last request: 0.000028 seconds.
  path: Assets/Models/Mapas/Wii U - Mario Kart 8 - DS Wario Stadium/mktv.49.png
  artifactKey: Guid(b99b86c1f7c42594b937ee07cd7f8aa0) Importer(815301076,1909f56bfc062723c751e8b465ee728b)
Start importing Assets/Models/Mapas/Wii U - Mario Kart 8 - DS Wario Stadium/mktv.49.png using Guid(b99b86c1f7c42594b937ee07cd7f8aa0) Importer(815301076,1909f56bfc062723c751e8b465ee728b)  -> (artifact id: '96de1e9263e0a0b4b8c4896ce7f55a5e') in 0.009584 seconds 
========================================================================
Received Import Request.
  Time since last request: 0.000021 seconds.
  path: Assets/Models/Mapas/Wii U - Mario Kart 8 - DS Wario Stadium/mktv.38.png
  artifactKey: Guid(278987b2538b89244b7d8fb9eca907cb) Importer(815301076,1909f56bfc062723c751e8b465ee728b)
Start importing Assets/Models/Mapas/Wii U - Mario Kart 8 - DS Wario Stadium/mktv.38.png using Guid(278987b2538b89244b7d8fb9eca907cb) Importer(815301076,1909f56bfc062723c751e8b465ee728b)  -> (artifact id: 'd2741d5926ce8761f25d1bda2763a6b8') in 0.009562 seconds 
========================================================================
Received Import Request.
  Time since last request: 0.000018 seconds.
  path: Assets/Models/Mapas/Wii U - Mario Kart 8 - DS Wario Stadium/mktv.12.png
  artifactKey: Guid(2c7358f456f4448428b8138c933b4358) Importer(815301076,1909f56bfc062723c751e8b465ee728b)
Start importing Assets/Models/Mapas/Wii U - Mario Kart 8 - DS Wario Stadium/mktv.12.png using Guid(2c7358f456f4448428b8138c933b4358) Importer(815301076,1909f56bfc062723c751e8b465ee728b)  -> (artifact id: '0a29aa9a05be3c2fb512f7d4cb52a757') in 0.009107 seconds 
========================================================================
Received Import Request.
  Time since last request: 0.000015 seconds.
  path: Assets/Models/Mapas/Wii U - Mario Kart 8 - DS Wario Stadium/mktv.14.png
  artifactKey: Guid(e9b8e0a22c31eac4ba3ea11929d01862) Importer(815301076,1909f56bfc062723c751e8b465ee728b)
Start importing Assets/Models/Mapas/Wii U - Mario Kart 8 - DS Wario Stadium/mktv.14.png using Guid(e9b8e0a22c31eac4ba3ea11929d01862) Importer(815301076,1909f56bfc062723c751e8b465ee728b)  -> (artifact id: '41ca4d52cb012169facecd5d5a0b9d5f') in 0.008853 seconds 
========================================================================
Received Import Request.
  Time since last request: 0.000016 seconds.
  path: Assets/Models/Mapas/Wii U - Mario Kart 8 - DS Wario Stadium/ef_gravitypanell_alb2.png
  artifactKey: Guid(574e0a8f93a01214dbc803181c60b9fd) Importer(815301076,1909f56bfc062723c751e8b465ee728b)
Start importing Assets/Models/Mapas/Wii U - Mario Kart 8 - DS Wario Stadium/ef_gravitypanell_alb2.png using Guid(574e0a8f93a01214dbc803181c60b9fd) Importer(815301076,1909f56bfc062723c751e8b465ee728b)  -> (artifact id: 'd1e2582e8589bba5e0af6d731ff2f757') in 0.009594 seconds 
========================================================================
Received Import Request.
  Time since last request: 0.000018 seconds.
  path: Assets/Models/Mapas/Wii U - Mario Kart 8 - DS Wario Stadium/mktv.1.png
  artifactKey: Guid(4e9d7920475437146becfa0fbb88265f) Importer(815301076,1909f56bfc062723c751e8b465ee728b)
Start importing Assets/Models/Mapas/Wii U - Mario Kart 8 - DS Wario Stadium/mktv.1.png using Guid(4e9d7920475437146becfa0fbb88265f) Importer(815301076,1909f56bfc062723c751e8b465ee728b)  -> (artifact id: '86d0ff86bb4a74fa1f26218d799068d8') in 0.008895 seconds 
========================================================================
Received Import Request.
  Time since last request: 0.589952 seconds.
  path: Assets/Models/Mapas/Wii U - Mario Kart 8 - DS Wario Stadium/panelflame_nrm.png
  artifactKey: Guid(a001451a53b000540bff203ab664bffc) Importer(815301076,1909f56bfc062723c751e8b465ee728b)
Start importing Assets/Models/Mapas/Wii U - Mario Kart 8 - DS Wario Stadium/panelflame_nrm.png using Guid(a001451a53b000540bff203ab664bffc) Importer(815301076,1909f56bfc062723c751e8b465ee728b)  -> (artifact id: 'e20db71dc798a886b06de8c0bbdcc53f') in 0.011038 seconds 
========================================================================
Received Import Request.
  Time since last request: 0.000013 seconds.
  path: Assets/Models/Mapas/Wii U - Mario Kart 8 - DS Wario Stadium/ufc_tent_alb.png
  artifactKey: Guid(8da0f79201cb4a34a8d7ba2c8ae01dfe) Importer(815301076,1909f56bfc062723c751e8b465ee728b)
Start importing Assets/Models/Mapas/Wii U - Mario Kart 8 - DS Wario Stadium/ufc_tent_alb.png using Guid(8da0f79201cb4a34a8d7ba2c8ae01dfe) Importer(815301076,1909f56bfc062723c751e8b465ee728b)  -> (artifact id: '188bcf37786a8cba53f02a40c7b0b553') in 0.010231 seconds 
Editor requested this worker to shutdown with reason: Scaling down because of idle timeout
AssetImportWorker is now disconnected from the server
Process exiting
Exiting without the bug reporter. Application will terminate with return code 0